[2024-05-09 07:09:36] local.ERROR: No hint path defined for [mail]. (View: /var/www/html/ballon/resources/views/mail/reset-password.blade.php) {"exception":"[object] (Illuminate\\View\\ViewException(code: 0): No hint path defined for [mail]. (View: /var/www/html/ballon/resources/views/mail/reset-password.blade.php) at /var/www/html/ballon/vendor/laravel/framework/src/Illuminate/View/FileViewFinder.php:112)
[stacktrace]
#0 /var/www/html/ballon/vendor/livewire/livewire/src/Mechanisms/ExtendBlade/ExtendedCompilerEngine.php(58): Illuminate\\View\\Engines\\CompilerEngine->handleViewException()
#1 /var/www/html/ballon/vendor/laravel/framework/src/Illuminate/View/Engines/PhpEngine.php(60): Livewire\\Mechanisms\\ExtendBlade\\ExtendedCompilerEngine->handleViewException()
#2 /var/www/html/ballon/vendor/livewire/livewire/src/Mechanisms/ExtendBlade/ExtendedCompilerEngine.php(22): Illuminate\\View\\Engines\\PhpEngine->evaluatePath()
#3 /var/www/html/ballon/vendor/laravel/framework/src/Illuminate/View/Engines/CompilerEngine.php(72): Livewire\\Mechanisms\\ExtendBlade\\ExtendedCompilerEngine->evaluatePath()
#4 /var/www/html/ballon/vendor/livewire/livewire/src/Mechanisms/ExtendBlade/ExtendedCompilerEngine.php(10): Illuminate\\View\\Engines\\CompilerEngine->get()
#5 /var/www/html/ballon/vendor/laravel/framework/src/Illuminate/View/View.php(207): Livewire\\Mechanisms\\ExtendBlade\\ExtendedCompilerEngine->get()
#6 /var/www/html/ballon/vendor/laravel/framework/src/Illuminate/View/View.php(190): Illuminate\\View\\View->getContents()
#7 /var/www/html/ballon/vendor/laravel/framework/src/Illuminate/View/View.php(159): Illuminate\\View\\View->renderContents()
#8 /var/www/html/ballon/vendor/laravel/framework/src/Illuminate/Mail/Mailer.php(433): Illuminate\\View\\View->render()
#9 /var/www/html/ballon/vendor/laravel/framework/src/Illuminate/Mail/Mailer.php(408): Illuminate\\Mail\\Mailer->renderView()
#10 /var/www/html/ballon/vendor/laravel/framework/src/Illuminate/Mail/Mailer.php(320): Illuminate\\Mail\\Mailer->addContent()
#11 /var/www/html/ballon/vendor/laravel/framework/src/Illuminate/Notifications/Channels/MailChannel.php(66): Illuminate\\Mail\\Mailer->send()
#12 /var/www/html/ballon/vendor/laravel/framework/src/Illuminate/Notifications/NotificationSender.php(148): Illuminate\\Notifications\\Channels\\MailChannel->send()
#13 /var/www/html/ballon/vendor/laravel/framework/src/Illuminate/Notifications/NotificationSender.php(106): Illuminate\\Notifications\\NotificationSender->sendToNotifiable()
#14 /var/www/html/ballon/vendor/laravel/framework/src/Illuminate/Support/Traits/Localizable.php(19): Illuminate\\Notifications\\NotificationSender->Illuminate\\Notifications\\{closure}()
#15 /var/www/html/ballon/vendor/laravel/framework/src/Illuminate/Notifications/NotificationSender.php(101): Illuminate\\Notifications\\NotificationSender->withLocale()
#16 /var/www/html/ballon/vendor/laravel/framework/src/Illuminate/Notifications/ChannelManager.php(54): Illuminate\\Notifications\\NotificationSender->sendNow()
#17 /var/www/html/ballon/vendor/laravel/framework/src/Illuminate/Notifications/SendQueuedNotifications.php(119): Illuminate\\Notifications\\ChannelManager->sendNow()
#18 /var/www/html/ballon/vendor/laravel/framework/src/Illuminate/Container/BoundMethod.php(36): Illuminate\\Notifications\\SendQueuedNotifications->handle()
#19 /var/www/html/ballon/vendor/laravel/framework/src/Illuminate/Container/Util.php(41): Illuminate\\Container\\BoundMethod::Illuminate\\Container\\{closure}()
#20 /var/www/html/ballon/vendor/laravel/framework/src/Illuminate/Container/BoundMethod.php(93): Illuminate\\Container\\Util::unwrapIfClosure()
#21 /var/www/html/ballon/vendor/laravel/framework/src/Illuminate/Container/BoundMethod.php(35): Illuminate\\Container\\BoundMethod::callBoundMethod()
#22 /var/www/html/ballon/vendor/laravel/framework/src/Illuminate/Container/Container.php(662): Illuminate\\Container\\BoundMethod::call()
#23 /var/www/html/ballon/vendor/laravel/framework/src/Illuminate/Bus/Dispatcher.php(128): Illuminate\\Container\\Container->call()
#24 /var/www/html/ballon/vendor/laravel/framework/src/Illuminate/Pipeline/Pipeline.php(144): Illuminate\\Bus\\Dispatcher->Illuminate\\Bus\\{closure}()
#25 /var/www/html/ballon/vendor/laravel/framework/src/Illuminate/Pipeline/Pipeline.php(119): Illuminate\\Pipeline\\Pipeline->Illuminate\\Pipeline\\{closure}()
#26 /var/www/html/ballon/vendor/laravel/framework/src/Illuminate/Bus/Dispatcher.php(132): Illuminate\\Pipeline\\Pipeline->then()
#27 /var/www/html/ballon/vendor/laravel/framework/src/Illuminate/Queue/CallQueuedHandler.php(123): Illuminate\\Bus\\Dispatcher->dispatchNow()
#28 /var/www/html/ballon/vendor/laravel/framework/src/Illuminate/Pipeline/Pipeline.php(144): Illuminate\\Queue\\CallQueuedHandler->Illuminate\\Queue\\{closure}()
#29 /var/www/html/ballon/vendor/laravel/framework/src/Illuminate/Pipeline/Pipeline.php(119): Illuminate\\Pipeline\\Pipeline->Illuminate\\Pipeline\\{closure}()
#30 /var/www/html/ballon/vendor/laravel/framework/src/Illuminate/Queue/CallQueuedHandler.php(122): Illuminate\\Pipeline\\Pipeline->then()
#31 /var/www/html/ballon/vendor/laravel/framework/src/Illuminate/Queue/CallQueuedHandler.php(70): Illuminate\\Queue\\CallQueuedHandler->dispatchThroughMiddleware()
#32 /var/www/html/ballon/vendor/laravel/framework/src/Illuminate/Queue/Jobs/Job.php(102): Illuminate\\Queue\\CallQueuedHandler->call()
#33 /var/www/html/ballon/vendor/laravel/framework/src/Illuminate/Queue/Worker.php(439): Illuminate\\Queue\\Jobs\\Job->fire()
#34 /var/www/html/ballon/vendor/laravel/framework/src/Illuminate/Queue/Worker.php(389): Illuminate\\Queue\\Worker->process()
#35 /var/www/html/ballon/vendor/laravel/framework/src/Illuminate/Queue/Worker.php(176): Illuminate\\Queue\\Worker->runJob()
#36 /var/www/html/ballon/vendor/laravel/framework/src/Illuminate/Queue/Console/WorkCommand.php(137): Illuminate\\Queue\\Worker->daemon()
#37 /var/www/html/ballon/vendor/laravel/framework/src/Illuminate/Queue/Console/WorkCommand.php(120): Illuminate\\Queue\\Console\\WorkCommand->runWorker()
#38 /var/www/html/ballon/vendor/laravel/framework/src/Illuminate/Container/BoundMethod.php(36): Illuminate\\Queue\\Console\\WorkCommand->handle()
#39 /var/www/html/ballon/vendor/laravel/framework/src/Illuminate/Container/Util.php(41): Illuminate\\Container\\BoundMethod::Illuminate\\Container\\{closure}()
#40 /var/www/html/ballon/vendor/laravel/framework/src/Illuminate/Container/BoundMethod.php(93): Illuminate\\Container\\Util::unwrapIfClosure()
#41 /var/www/html/ballon/vendor/laravel/framework/src/Illuminate/Container/BoundMethod.php(35): Illuminate\\Container\\BoundMethod::callBoundMethod()
#42 /var/www/html/ballon/vendor/laravel/framework/src/Illuminate/Container/Container.php(662): Illuminate\\Container\\BoundMethod::call()
#43 /var/www/html/ballon/vendor/laravel/framework/src/Illuminate/Console/Command.php(211): Illuminate\\Container\\Container->call()
#44 /var/www/html/ballon/vendor/symfony/console/Command/Command.php(326): Illuminate\\Console\\Command->execute()
#45 /var/www/html/ballon/vendor/laravel/framework/src/Illuminate/Console/Command.php(180): Symfony\\Component\\Console\\Command\\Command->run()
#46 /var/www/html/ballon/vendor/symfony/console/Application.php(1096): Illuminate\\Console\\Command->run()
#47 /var/www/html/ballon/vendor/symfony/console/Application.php(324): Symfony\\Component\\Console\\Application->doRunCommand()
#48 /var/www/html/ballon/vendor/symfony/console/Application.php(175): Symfony\\Component\\Console\\Application->doRun()
#49 /var/www/html/ballon/vendor/laravel/framework/src/Illuminate/Foundation/Console/Kernel.php(201): Symfony\\Component\\Console\\Application->run()
#50 /var/www/html/ballon/artisan(35): Illuminate\\Foundation\\Console\\Kernel->handle()
#51 {main}

[previous exception] [object] (InvalidArgumentException(code: 0): No hint path defined for [mail]. at /var/www/html/ballon/vendor/laravel/framework/src/Illuminate/View/FileViewFinder.php:112)
[stacktrace]
#0 /var/www/html/ballon/vendor/laravel/framework/src/Illuminate/View/FileViewFinder.php(90): Illuminate\\View\\FileViewFinder->parseNamespaceSegments()
#1 /var/www/html/ballon/vendor/laravel/framework/src/Illuminate/View/FileViewFinder.php(76): Illuminate\\View\\FileViewFinder->findNamespacedView()
#2 /var/www/html/ballon/vendor/laravel/framework/src/Illuminate/View/Factory.php(137): Illuminate\\View\\FileViewFinder->find()
#3 /var/www/html/ballon/storage/framework/views/5aa8b4dbd5519ab74920b42ce44c40bb.php(3): Illuminate\\View\\Factory->make()
#4 /var/www/html/ballon/vendor/laravel/framework/src/Illuminate/Filesystem/Filesystem.php(124): require('...')
#5 /var/www/html/ballon/vendor/laravel/framework/src/Illuminate/Filesystem/Filesystem.php(125): Illuminate\\Filesystem\\Filesystem::Illuminate\\Filesystem\\{closure}()
#6 /var/www/html/ballon/vendor/laravel/framework/src/Illuminate/View/Engines/PhpEngine.php(58): Illuminate\\Filesystem\\Filesystem->getRequire()
#7 /var/www/html/ballon/vendor/livewire/livewire/src/Mechanisms/ExtendBlade/ExtendedCompilerEngine.php(22): Illuminate\\View\\Engines\\PhpEngine->evaluatePath()
#8 /var/www/html/ballon/vendor/laravel/framework/src/Illuminate/View/Engines/CompilerEngine.php(72): Livewire\\Mechanisms\\ExtendBlade\\ExtendedCompilerEngine->evaluatePath()
#9 /var/www/html/ballon/vendor/livewire/livewire/src/Mechanisms/ExtendBlade/ExtendedCompilerEngine.php(10): Illuminate\\View\\Engines\\CompilerEngine->get()
#10 /var/www/html/ballon/vendor/laravel/framework/src/Illuminate/View/View.php(207): Livewire\\Mechanisms\\ExtendBlade\\ExtendedCompilerEngine->get()
#11 /var/www/html/ballon/vendor/laravel/framework/src/Illuminate/View/View.php(190): Illuminate\\View\\View->getContents()
#12 /var/www/html/ballon/vendor/laravel/framework/src/Illuminate/View/View.php(159): Illuminate\\View\\View->renderContents()
#13 /var/www/html/ballon/vendor/laravel/framework/src/Illuminate/Mail/Mailer.php(433): Illuminate\\View\\View->render()
#14 /var/www/html/ballon/vendor/laravel/framework/src/Illuminate/Mail/Mailer.php(408): Illuminate\\Mail\\Mailer->renderView()
#15 /var/www/html/ballon/vendor/laravel/framework/src/Illuminate/Mail/Mailer.php(320): Illuminate\\Mail\\Mailer->addContent()
#16 /var/www/html/ballon/vendor/laravel/framework/src/Illuminate/Notifications/Channels/MailChannel.php(66): Illuminate\\Mail\\Mailer->send()
#17 /var/www/html/ballon/vendor/laravel/framework/src/Illuminate/Notifications/NotificationSender.php(148): Illuminate\\Notifications\\Channels\\MailChannel->send()
#18 /var/www/html/ballon/vendor/laravel/framework/src/Illuminate/Notifications/NotificationSender.php(106): Illuminate\\Notifications\\NotificationSender->sendToNotifiable()
#19 /var/www/html/ballon/vendor/laravel/framework/src/Illuminate/Support/Traits/Localizable.php(19): Illuminate\\Notifications\\NotificationSender->Illuminate\\Notifications\\{closure}()
#20 /var/www/html/ballon/vendor/laravel/framework/src/Illuminate/Notifications/NotificationSender.php(101): Illuminate\\Notifications\\NotificationSender->withLocale()
#21 /var/www/html/ballon/vendor/laravel/framework/src/Illuminate/Notifications/ChannelManager.php(54): Illuminate\\Notifications\\NotificationSender->sendNow()
#22 /var/www/html/ballon/vendor/laravel/framework/src/Illuminate/Notifications/SendQueuedNotifications.php(119): Illuminate\\Notifications\\ChannelManager->sendNow()
#23 /var/www/html/ballon/vendor/laravel/framework/src/Illuminate/Container/BoundMethod.php(36): Illuminate\\Notifications\\SendQueuedNotifications->handle()
#24 /var/www/html/ballon/vendor/laravel/framework/src/Illuminate/Container/Util.php(41): Illuminate\\Container\\BoundMethod::Illuminate\\Container\\{closure}()
#25 /var/www/html/ballon/vendor/laravel/framework/src/Illuminate/Container/BoundMethod.php(93): Illuminate\\Container\\Util::unwrapIfClosure()
#26 /var/www/html/ballon/vendor/laravel/framework/src/Illuminate/Container/BoundMethod.php(35): Illuminate\\Container\\BoundMethod::callBoundMethod()
#27 /var/www/html/ballon/vendor/laravel/framework/src/Illuminate/Container/Container.php(662): Illuminate\\Container\\BoundMethod::call()
#28 /var/www/html/ballon/vendor/laravel/framework/src/Illuminate/Bus/Dispatcher.php(128): Illuminate\\Container\\Container->call()
#29 /var/www/html/ballon/vendor/laravel/framework/src/Illuminate/Pipeline/Pipeline.php(144): Illuminate\\Bus\\Dispatcher->Illuminate\\Bus\\{closure}()
#30 /var/www/html/ballon/vendor/laravel/framework/src/Illuminate/Pipeline/Pipeline.php(119): Illuminate\\Pipeline\\Pipeline->Illuminate\\Pipeline\\{closure}()
#31 /var/www/html/ballon/vendor/laravel/framework/src/Illuminate/Bus/Dispatcher.php(132): Illuminate\\Pipeline\\Pipeline->then()
#32 /var/www/html/ballon/vendor/laravel/framework/src/Illuminate/Queue/CallQueuedHandler.php(123): Illuminate\\Bus\\Dispatcher->dispatchNow()
#33 /var/www/html/ballon/vendor/laravel/framework/src/Illuminate/Pipeline/Pipeline.php(144): Illuminate\\Queue\\CallQueuedHandler->Illuminate\\Queue\\{closure}()
#34 /var/www/html/ballon/vendor/laravel/framework/src/Illuminate/Pipeline/Pipeline.php(119): Illuminate\\Pipeline\\Pipeline->Illuminate\\Pipeline\\{closure}()
#35 /var/www/html/ballon/vendor/laravel/framework/src/Illuminate/Queue/CallQueuedHandler.php(122): Illuminate\\Pipeline\\Pipeline->then()
#36 /var/www/html/ballon/vendor/laravel/framework/src/Illuminate/Queue/CallQueuedHandler.php(70): Illuminate\\Queue\\CallQueuedHandler->dispatchThroughMiddleware()
#37 /var/www/html/ballon/vendor/laravel/framework/src/Illuminate/Queue/Jobs/Job.php(102): Illuminate\\Queue\\CallQueuedHandler->call()
#38 /var/www/html/ballon/vendor/laravel/framework/src/Illuminate/Queue/Worker.php(439): Illuminate\\Queue\\Jobs\\Job->fire()
#39 /var/www/html/ballon/vendor/laravel/framework/src/Illuminate/Queue/Worker.php(389): Illuminate\\Queue\\Worker->process()
#40 /var/www/html/ballon/vendor/laravel/framework/src/Illuminate/Queue/Worker.php(176): Illuminate\\Queue\\Worker->runJob()
#41 /var/www/html/ballon/vendor/laravel/framework/src/Illuminate/Queue/Console/WorkCommand.php(137): Illuminate\\Queue\\Worker->daemon()
#42 /var/www/html/ballon/vendor/laravel/framework/src/Illuminate/Queue/Console/WorkCommand.php(120): Illuminate\\Queue\\Console\\WorkCommand->runWorker()
#43 /var/www/html/ballon/vendor/laravel/framework/src/Illuminate/Container/BoundMethod.php(36): Illuminate\\Queue\\Console\\WorkCommand->handle()
#44 /var/www/html/ballon/vendor/laravel/framework/src/Illuminate/Container/Util.php(41): Illuminate\\Container\\BoundMethod::Illuminate\\Container\\{closure}()
#45 /var/www/html/ballon/vendor/laravel/framework/src/Illuminate/Container/BoundMethod.php(93): Illuminate\\Container\\Util::unwrapIfClosure()
#46 /var/www/html/ballon/vendor/laravel/framework/src/Illuminate/Container/BoundMethod.php(35): Illuminate\\Container\\BoundMethod::callBoundMethod()
#47 /var/www/html/ballon/vendor/laravel/framework/src/Illuminate/Container/Container.php(662): Illuminate\\Container\\BoundMethod::call()
#48 /var/www/html/ballon/vendor/laravel/framework/src/Illuminate/Console/Command.php(211): Illuminate\\Container\\Container->call()
#49 /var/www/html/ballon/vendor/symfony/console/Command/Command.php(326): Illuminate\\Console\\Command->execute()
#50 /var/www/html/ballon/vendor/laravel/framework/src/Illuminate/Console/Command.php(180): Symfony\\Component\\Console\\Command\\Command->run()
#51 /var/www/html/ballon/vendor/symfony/console/Application.php(1096): Illuminate\\Console\\Command->run()
#52 /var/www/html/ballon/vendor/symfony/console/Application.php(324): Symfony\\Component\\Console\\Application->doRunCommand()
#53 /var/www/html/ballon/vendor/symfony/console/Application.php(175): Symfony\\Component\\Console\\Application->doRun()
#54 /var/www/html/ballon/vendor/laravel/framework/src/Illuminate/Foundation/Console/Kernel.php(201): Symfony\\Component\\Console\\Application->run()
#55 /var/www/html/ballon/artisan(35): Illuminate\\Foundation\\Console\\Kernel->handle()
#56 {main}
"} 
[2024-05-09 07:12:09] local.ERROR: No hint path defined for [mail]. (View: /var/www/html/ballon/resources/views/mail/reset-password.blade.php) {"exception":"[object] (Illuminate\\View\\ViewException(code: 0): No hint path defined for [mail]. (View: /var/www/html/ballon/resources/views/mail/reset-password.blade.php) at /var/www/html/ballon/vendor/laravel/framework/src/Illuminate/View/FileViewFinder.php:112)
[stacktrace]
#0 /var/www/html/ballon/vendor/livewire/livewire/src/Mechanisms/ExtendBlade/ExtendedCompilerEngine.php(58): Illuminate\\View\\Engines\\CompilerEngine->handleViewException()
#1 /var/www/html/ballon/vendor/laravel/framework/src/Illuminate/View/Engines/PhpEngine.php(60): Livewire\\Mechanisms\\ExtendBlade\\ExtendedCompilerEngine->handleViewException()
#2 /var/www/html/ballon/vendor/livewire/livewire/src/Mechanisms/ExtendBlade/ExtendedCompilerEngine.php(22): Illuminate\\View\\Engines\\PhpEngine->evaluatePath()
#3 /var/www/html/ballon/vendor/laravel/framework/src/Illuminate/View/Engines/CompilerEngine.php(72): Livewire\\Mechanisms\\ExtendBlade\\ExtendedCompilerEngine->evaluatePath()
#4 /var/www/html/ballon/vendor/livewire/livewire/src/Mechanisms/ExtendBlade/ExtendedCompilerEngine.php(10): Illuminate\\View\\Engines\\CompilerEngine->get()
#5 /var/www/html/ballon/vendor/laravel/framework/src/Illuminate/View/View.php(207): Livewire\\Mechanisms\\ExtendBlade\\ExtendedCompilerEngine->get()
#6 /var/www/html/ballon/vendor/laravel/framework/src/Illuminate/View/View.php(190): Illuminate\\View\\View->getContents()
#7 /var/www/html/ballon/vendor/laravel/framework/src/Illuminate/View/View.php(159): Illuminate\\View\\View->renderContents()
#8 /var/www/html/ballon/vendor/laravel/framework/src/Illuminate/Mail/Mailer.php(433): Illuminate\\View\\View->render()
#9 /var/www/html/ballon/vendor/laravel/framework/src/Illuminate/Mail/Mailer.php(408): Illuminate\\Mail\\Mailer->renderView()
#10 /var/www/html/ballon/vendor/laravel/framework/src/Illuminate/Mail/Mailer.php(320): Illuminate\\Mail\\Mailer->addContent()
#11 /var/www/html/ballon/vendor/laravel/framework/src/Illuminate/Notifications/Channels/MailChannel.php(66): Illuminate\\Mail\\Mailer->send()
#12 /var/www/html/ballon/vendor/laravel/framework/src/Illuminate/Notifications/NotificationSender.php(148): Illuminate\\Notifications\\Channels\\MailChannel->send()
#13 /var/www/html/ballon/vendor/laravel/framework/src/Illuminate/Notifications/NotificationSender.php(106): Illuminate\\Notifications\\NotificationSender->sendToNotifiable()
#14 /var/www/html/ballon/vendor/laravel/framework/src/Illuminate/Support/Traits/Localizable.php(19): Illuminate\\Notifications\\NotificationSender->Illuminate\\Notifications\\{closure}()
#15 /var/www/html/ballon/vendor/laravel/framework/src/Illuminate/Notifications/NotificationSender.php(101): Illuminate\\Notifications\\NotificationSender->withLocale()
#16 /var/www/html/ballon/vendor/laravel/framework/src/Illuminate/Notifications/ChannelManager.php(54): Illuminate\\Notifications\\NotificationSender->sendNow()
#17 /var/www/html/ballon/vendor/laravel/framework/src/Illuminate/Notifications/SendQueuedNotifications.php(119): Illuminate\\Notifications\\ChannelManager->sendNow()
#18 /var/www/html/ballon/vendor/laravel/framework/src/Illuminate/Container/BoundMethod.php(36): Illuminate\\Notifications\\SendQueuedNotifications->handle()
#19 /var/www/html/ballon/vendor/laravel/framework/src/Illuminate/Container/Util.php(41): Illuminate\\Container\\BoundMethod::Illuminate\\Container\\{closure}()
#20 /var/www/html/ballon/vendor/laravel/framework/src/Illuminate/Container/BoundMethod.php(93): Illuminate\\Container\\Util::unwrapIfClosure()
#21 /var/www/html/ballon/vendor/laravel/framework/src/Illuminate/Container/BoundMethod.php(35): Illuminate\\Container\\BoundMethod::callBoundMethod()
#22 /var/www/html/ballon/vendor/laravel/framework/src/Illuminate/Container/Container.php(662): Illuminate\\Container\\BoundMethod::call()
#23 /var/www/html/ballon/vendor/laravel/framework/src/Illuminate/Bus/Dispatcher.php(128): Illuminate\\Container\\Container->call()
#24 /var/www/html/ballon/vendor/laravel/framework/src/Illuminate/Pipeline/Pipeline.php(144): Illuminate\\Bus\\Dispatcher->Illuminate\\Bus\\{closure}()
#25 /var/www/html/ballon/vendor/laravel/framework/src/Illuminate/Pipeline/Pipeline.php(119): Illuminate\\Pipeline\\Pipeline->Illuminate\\Pipeline\\{closure}()
#26 /var/www/html/ballon/vendor/laravel/framework/src/Illuminate/Bus/Dispatcher.php(132): Illuminate\\Pipeline\\Pipeline->then()
#27 /var/www/html/ballon/vendor/laravel/framework/src/Illuminate/Queue/CallQueuedHandler.php(123): Illuminate\\Bus\\Dispatcher->dispatchNow()
#28 /var/www/html/ballon/vendor/laravel/framework/src/Illuminate/Pipeline/Pipeline.php(144): Illuminate\\Queue\\CallQueuedHandler->Illuminate\\Queue\\{closure}()
#29 /var/www/html/ballon/vendor/laravel/framework/src/Illuminate/Pipeline/Pipeline.php(119): Illuminate\\Pipeline\\Pipeline->Illuminate\\Pipeline\\{closure}()
#30 /var/www/html/ballon/vendor/laravel/framework/src/Illuminate/Queue/CallQueuedHandler.php(122): Illuminate\\Pipeline\\Pipeline->then()
#31 /var/www/html/ballon/vendor/laravel/framework/src/Illuminate/Queue/CallQueuedHandler.php(70): Illuminate\\Queue\\CallQueuedHandler->dispatchThroughMiddleware()
#32 /var/www/html/ballon/vendor/laravel/framework/src/Illuminate/Queue/Jobs/Job.php(102): Illuminate\\Queue\\CallQueuedHandler->call()
#33 /var/www/html/ballon/vendor/laravel/framework/src/Illuminate/Queue/Worker.php(439): Illuminate\\Queue\\Jobs\\Job->fire()
#34 /var/www/html/ballon/vendor/laravel/framework/src/Illuminate/Queue/Worker.php(389): Illuminate\\Queue\\Worker->process()
#35 /var/www/html/ballon/vendor/laravel/framework/src/Illuminate/Queue/Worker.php(176): Illuminate\\Queue\\Worker->runJob()
#36 /var/www/html/ballon/vendor/laravel/framework/src/Illuminate/Queue/Console/WorkCommand.php(137): Illuminate\\Queue\\Worker->daemon()
#37 /var/www/html/ballon/vendor/laravel/framework/src/Illuminate/Queue/Console/WorkCommand.php(120): Illuminate\\Queue\\Console\\WorkCommand->runWorker()
#38 /var/www/html/ballon/vendor/laravel/framework/src/Illuminate/Container/BoundMethod.php(36): Illuminate\\Queue\\Console\\WorkCommand->handle()
#39 /var/www/html/ballon/vendor/laravel/framework/src/Illuminate/Container/Util.php(41): Illuminate\\Container\\BoundMethod::Illuminate\\Container\\{closure}()
#40 /var/www/html/ballon/vendor/laravel/framework/src/Illuminate/Container/BoundMethod.php(93): Illuminate\\Container\\Util::unwrapIfClosure()
#41 /var/www/html/ballon/vendor/laravel/framework/src/Illuminate/Container/BoundMethod.php(35): Illuminate\\Container\\BoundMethod::callBoundMethod()
#42 /var/www/html/ballon/vendor/laravel/framework/src/Illuminate/Container/Container.php(662): Illuminate\\Container\\BoundMethod::call()
#43 /var/www/html/ballon/vendor/laravel/framework/src/Illuminate/Console/Command.php(211): Illuminate\\Container\\Container->call()
#44 /var/www/html/ballon/vendor/symfony/console/Command/Command.php(326): Illuminate\\Console\\Command->execute()
#45 /var/www/html/ballon/vendor/laravel/framework/src/Illuminate/Console/Command.php(180): Symfony\\Component\\Console\\Command\\Command->run()
#46 /var/www/html/ballon/vendor/symfony/console/Application.php(1096): Illuminate\\Console\\Command->run()
#47 /var/www/html/ballon/vendor/symfony/console/Application.php(324): Symfony\\Component\\Console\\Application->doRunCommand()
#48 /var/www/html/ballon/vendor/symfony/console/Application.php(175): Symfony\\Component\\Console\\Application->doRun()
#49 /var/www/html/ballon/vendor/laravel/framework/src/Illuminate/Foundation/Console/Kernel.php(201): Symfony\\Component\\Console\\Application->run()
#50 /var/www/html/ballon/artisan(35): Illuminate\\Foundation\\Console\\Kernel->handle()
#51 {main}

[previous exception] [object] (InvalidArgumentException(code: 0): No hint path defined for [mail]. at /var/www/html/ballon/vendor/laravel/framework/src/Illuminate/View/FileViewFinder.php:112)
[stacktrace]
#0 /var/www/html/ballon/vendor/laravel/framework/src/Illuminate/View/FileViewFinder.php(90): Illuminate\\View\\FileViewFinder->parseNamespaceSegments()
#1 /var/www/html/ballon/vendor/laravel/framework/src/Illuminate/View/FileViewFinder.php(76): Illuminate\\View\\FileViewFinder->findNamespacedView()
#2 /var/www/html/ballon/vendor/laravel/framework/src/Illuminate/View/Factory.php(137): Illuminate\\View\\FileViewFinder->find()
#3 /var/www/html/ballon/storage/framework/views/5aa8b4dbd5519ab74920b42ce44c40bb.php(3): Illuminate\\View\\Factory->make()
#4 /var/www/html/ballon/vendor/laravel/framework/src/Illuminate/Filesystem/Filesystem.php(124): require('...')
#5 /var/www/html/ballon/vendor/laravel/framework/src/Illuminate/Filesystem/Filesystem.php(125): Illuminate\\Filesystem\\Filesystem::Illuminate\\Filesystem\\{closure}()
#6 /var/www/html/ballon/vendor/laravel/framework/src/Illuminate/View/Engines/PhpEngine.php(58): Illuminate\\Filesystem\\Filesystem->getRequire()
#7 /var/www/html/ballon/vendor/livewire/livewire/src/Mechanisms/ExtendBlade/ExtendedCompilerEngine.php(22): Illuminate\\View\\Engines\\PhpEngine->evaluatePath()
#8 /var/www/html/ballon/vendor/laravel/framework/src/Illuminate/View/Engines/CompilerEngine.php(72): Livewire\\Mechanisms\\ExtendBlade\\ExtendedCompilerEngine->evaluatePath()
#9 /var/www/html/ballon/vendor/livewire/livewire/src/Mechanisms/ExtendBlade/ExtendedCompilerEngine.php(10): Illuminate\\View\\Engines\\CompilerEngine->get()
#10 /var/www/html/ballon/vendor/laravel/framework/src/Illuminate/View/View.php(207): Livewire\\Mechanisms\\ExtendBlade\\ExtendedCompilerEngine->get()
#11 /var/www/html/ballon/vendor/laravel/framework/src/Illuminate/View/View.php(190): Illuminate\\View\\View->getContents()
#12 /var/www/html/ballon/vendor/laravel/framework/src/Illuminate/View/View.php(159): Illuminate\\View\\View->renderContents()
#13 /var/www/html/ballon/vendor/laravel/framework/src/Illuminate/Mail/Mailer.php(433): Illuminate\\View\\View->render()
#14 /var/www/html/ballon/vendor/laravel/framework/src/Illuminate/Mail/Mailer.php(408): Illuminate\\Mail\\Mailer->renderView()
#15 /var/www/html/ballon/vendor/laravel/framework/src/Illuminate/Mail/Mailer.php(320): Illuminate\\Mail\\Mailer->addContent()
#16 /var/www/html/ballon/vendor/laravel/framework/src/Illuminate/Notifications/Channels/MailChannel.php(66): Illuminate\\Mail\\Mailer->send()
#17 /var/www/html/ballon/vendor/laravel/framework/src/Illuminate/Notifications/NotificationSender.php(148): Illuminate\\Notifications\\Channels\\MailChannel->send()
#18 /var/www/html/ballon/vendor/laravel/framework/src/Illuminate/Notifications/NotificationSender.php(106): Illuminate\\Notifications\\NotificationSender->sendToNotifiable()
#19 /var/www/html/ballon/vendor/laravel/framework/src/Illuminate/Support/Traits/Localizable.php(19): Illuminate\\Notifications\\NotificationSender->Illuminate\\Notifications\\{closure}()
#20 /var/www/html/ballon/vendor/laravel/framework/src/Illuminate/Notifications/NotificationSender.php(101): Illuminate\\Notifications\\NotificationSender->withLocale()
#21 /var/www/html/ballon/vendor/laravel/framework/src/Illuminate/Notifications/ChannelManager.php(54): Illuminate\\Notifications\\NotificationSender->sendNow()
#22 /var/www/html/ballon/vendor/laravel/framework/src/Illuminate/Notifications/SendQueuedNotifications.php(119): Illuminate\\Notifications\\ChannelManager->sendNow()
#23 /var/www/html/ballon/vendor/laravel/framework/src/Illuminate/Container/BoundMethod.php(36): Illuminate\\Notifications\\SendQueuedNotifications->handle()
#24 /var/www/html/ballon/vendor/laravel/framework/src/Illuminate/Container/Util.php(41): Illuminate\\Container\\BoundMethod::Illuminate\\Container\\{closure}()
#25 /var/www/html/ballon/vendor/laravel/framework/src/Illuminate/Container/BoundMethod.php(93): Illuminate\\Container\\Util::unwrapIfClosure()
#26 /var/www/html/ballon/vendor/laravel/framework/src/Illuminate/Container/BoundMethod.php(35): Illuminate\\Container\\BoundMethod::callBoundMethod()
#27 /var/www/html/ballon/vendor/laravel/framework/src/Illuminate/Container/Container.php(662): Illuminate\\Container\\BoundMethod::call()
#28 /var/www/html/ballon/vendor/laravel/framework/src/Illuminate/Bus/Dispatcher.php(128): Illuminate\\Container\\Container->call()
#29 /var/www/html/ballon/vendor/laravel/framework/src/Illuminate/Pipeline/Pipeline.php(144): Illuminate\\Bus\\Dispatcher->Illuminate\\Bus\\{closure}()
#30 /var/www/html/ballon/vendor/laravel/framework/src/Illuminate/Pipeline/Pipeline.php(119): Illuminate\\Pipeline\\Pipeline->Illuminate\\Pipeline\\{closure}()
#31 /var/www/html/ballon/vendor/laravel/framework/src/Illuminate/Bus/Dispatcher.php(132): Illuminate\\Pipeline\\Pipeline->then()
#32 /var/www/html/ballon/vendor/laravel/framework/src/Illuminate/Queue/CallQueuedHandler.php(123): Illuminate\\Bus\\Dispatcher->dispatchNow()
#33 /var/www/html/ballon/vendor/laravel/framework/src/Illuminate/Pipeline/Pipeline.php(144): Illuminate\\Queue\\CallQueuedHandler->Illuminate\\Queue\\{closure}()
#34 /var/www/html/ballon/vendor/laravel/framework/src/Illuminate/Pipeline/Pipeline.php(119): Illuminate\\Pipeline\\Pipeline->Illuminate\\Pipeline\\{closure}()
#35 /var/www/html/ballon/vendor/laravel/framework/src/Illuminate/Queue/CallQueuedHandler.php(122): Illuminate\\Pipeline\\Pipeline->then()
#36 /var/www/html/ballon/vendor/laravel/framework/src/Illuminate/Queue/CallQueuedHandler.php(70): Illuminate\\Queue\\CallQueuedHandler->dispatchThroughMiddleware()
#37 /var/www/html/ballon/vendor/laravel/framework/src/Illuminate/Queue/Jobs/Job.php(102): Illuminate\\Queue\\CallQueuedHandler->call()
#38 /var/www/html/ballon/vendor/laravel/framework/src/Illuminate/Queue/Worker.php(439): Illuminate\\Queue\\Jobs\\Job->fire()
#39 /var/www/html/ballon/vendor/laravel/framework/src/Illuminate/Queue/Worker.php(389): Illuminate\\Queue\\Worker->process()
#40 /var/www/html/ballon/vendor/laravel/framework/src/Illuminate/Queue/Worker.php(176): Illuminate\\Queue\\Worker->runJob()
#41 /var/www/html/ballon/vendor/laravel/framework/src/Illuminate/Queue/Console/WorkCommand.php(137): Illuminate\\Queue\\Worker->daemon()
#42 /var/www/html/ballon/vendor/laravel/framework/src/Illuminate/Queue/Console/WorkCommand.php(120): Illuminate\\Queue\\Console\\WorkCommand->runWorker()
#43 /var/www/html/ballon/vendor/laravel/framework/src/Illuminate/Container/BoundMethod.php(36): Illuminate\\Queue\\Console\\WorkCommand->handle()
#44 /var/www/html/ballon/vendor/laravel/framework/src/Illuminate/Container/Util.php(41): Illuminate\\Container\\BoundMethod::Illuminate\\Container\\{closure}()
#45 /var/www/html/ballon/vendor/laravel/framework/src/Illuminate/Container/BoundMethod.php(93): Illuminate\\Container\\Util::unwrapIfClosure()
#46 /var/www/html/ballon/vendor/laravel/framework/src/Illuminate/Container/BoundMethod.php(35): Illuminate\\Container\\BoundMethod::callBoundMethod()
#47 /var/www/html/ballon/vendor/laravel/framework/src/Illuminate/Container/Container.php(662): Illuminate\\Container\\BoundMethod::call()
#48 /var/www/html/ballon/vendor/laravel/framework/src/Illuminate/Console/Command.php(211): Illuminate\\Container\\Container->call()
#49 /var/www/html/ballon/vendor/symfony/console/Command/Command.php(326): Illuminate\\Console\\Command->execute()
#50 /var/www/html/ballon/vendor/laravel/framework/src/Illuminate/Console/Command.php(180): Symfony\\Component\\Console\\Command\\Command->run()
#51 /var/www/html/ballon/vendor/symfony/console/Application.php(1096): Illuminate\\Console\\Command->run()
#52 /var/www/html/ballon/vendor/symfony/console/Application.php(324): Symfony\\Component\\Console\\Application->doRunCommand()
#53 /var/www/html/ballon/vendor/symfony/console/Application.php(175): Symfony\\Component\\Console\\Application->doRun()
#54 /var/www/html/ballon/vendor/laravel/framework/src/Illuminate/Foundation/Console/Kernel.php(201): Symfony\\Component\\Console\\Application->run()
#55 /var/www/html/ballon/artisan(35): Illuminate\\Foundation\\Console\\Kernel->handle()
#56 {main}
"} 
[2024-05-09 07:14:02] local.ERROR: No arguments expected for "optimize" command, got "clear". {"exception":"[object] (Symfony\\Component\\Console\\Exception\\RuntimeException(code: 0): No arguments expected for \"optimize\" command, got \"clear\". at /var/www/html/ballon/vendor/symfony/console/Input/ArgvInput.php:196)
[stacktrace]
#0 /var/www/html/ballon/vendor/symfony/console/Input/ArgvInput.php(89): Symfony\\Component\\Console\\Input\\ArgvInput->parseArgument()
#1 /var/www/html/ballon/vendor/symfony/console/Input/ArgvInput.php(74): Symfony\\Component\\Console\\Input\\ArgvInput->parseToken()
#2 /var/www/html/ballon/vendor/symfony/console/Input/Input.php(56): Symfony\\Component\\Console\\Input\\ArgvInput->parse()
#3 /var/www/html/ballon/vendor/symfony/console/Command/Command.php(285): Symfony\\Component\\Console\\Input\\Input->bind()
#4 /var/www/html/ballon/vendor/laravel/framework/src/Illuminate/Console/Command.php(180): Symfony\\Component\\Console\\Command\\Command->run()
#5 /var/www/html/ballon/vendor/symfony/console/Application.php(1096): Illuminate\\Console\\Command->run()
#6 /var/www/html/ballon/vendor/symfony/console/Application.php(324): Symfony\\Component\\Console\\Application->doRunCommand()
#7 /var/www/html/ballon/vendor/symfony/console/Application.php(175): Symfony\\Component\\Console\\Application->doRun()
#8 /var/www/html/ballon/vendor/laravel/framework/src/Illuminate/Foundation/Console/Kernel.php(201): Symfony\\Component\\Console\\Application->run()
#9 /var/www/html/ballon/artisan(35): Illuminate\\Foundation\\Console\\Kernel->handle()
#10 {main}
"} 
[2024-05-09 07:14:24] local.ERROR: No hint path defined for [mail]. (View: /var/www/html/ballon/resources/views/mail/reset-password.blade.php) {"exception":"[object] (Illuminate\\View\\ViewException(code: 0): No hint path defined for [mail]. (View: /var/www/html/ballon/resources/views/mail/reset-password.blade.php) at /var/www/html/ballon/vendor/laravel/framework/src/Illuminate/View/FileViewFinder.php:112)
[stacktrace]
#0 /var/www/html/ballon/vendor/livewire/livewire/src/Mechanisms/ExtendBlade/ExtendedCompilerEngine.php(58): Illuminate\\View\\Engines\\CompilerEngine->handleViewException()
#1 /var/www/html/ballon/vendor/laravel/framework/src/Illuminate/View/Engines/PhpEngine.php(60): Livewire\\Mechanisms\\ExtendBlade\\ExtendedCompilerEngine->handleViewException()
#2 /var/www/html/ballon/vendor/livewire/livewire/src/Mechanisms/ExtendBlade/ExtendedCompilerEngine.php(22): Illuminate\\View\\Engines\\PhpEngine->evaluatePath()
#3 /var/www/html/ballon/vendor/laravel/framework/src/Illuminate/View/Engines/CompilerEngine.php(72): Livewire\\Mechanisms\\ExtendBlade\\ExtendedCompilerEngine->evaluatePath()
#4 /var/www/html/ballon/vendor/livewire/livewire/src/Mechanisms/ExtendBlade/ExtendedCompilerEngine.php(10): Illuminate\\View\\Engines\\CompilerEngine->get()
#5 /var/www/html/ballon/vendor/laravel/framework/src/Illuminate/View/View.php(207): Livewire\\Mechanisms\\ExtendBlade\\ExtendedCompilerEngine->get()
#6 /var/www/html/ballon/vendor/laravel/framework/src/Illuminate/View/View.php(190): Illuminate\\View\\View->getContents()
#7 /var/www/html/ballon/vendor/laravel/framework/src/Illuminate/View/View.php(159): Illuminate\\View\\View->renderContents()
#8 /var/www/html/ballon/vendor/laravel/framework/src/Illuminate/Mail/Mailer.php(433): Illuminate\\View\\View->render()
#9 /var/www/html/ballon/vendor/laravel/framework/src/Illuminate/Mail/Mailer.php(408): Illuminate\\Mail\\Mailer->renderView()
#10 /var/www/html/ballon/vendor/laravel/framework/src/Illuminate/Mail/Mailer.php(320): Illuminate\\Mail\\Mailer->addContent()
#11 /var/www/html/ballon/vendor/laravel/framework/src/Illuminate/Notifications/Channels/MailChannel.php(66): Illuminate\\Mail\\Mailer->send()
#12 /var/www/html/ballon/vendor/laravel/framework/src/Illuminate/Notifications/NotificationSender.php(148): Illuminate\\Notifications\\Channels\\MailChannel->send()
#13 /var/www/html/ballon/vendor/laravel/framework/src/Illuminate/Notifications/NotificationSender.php(106): Illuminate\\Notifications\\NotificationSender->sendToNotifiable()
#14 /var/www/html/ballon/vendor/laravel/framework/src/Illuminate/Support/Traits/Localizable.php(19): Illuminate\\Notifications\\NotificationSender->Illuminate\\Notifications\\{closure}()
#15 /var/www/html/ballon/vendor/laravel/framework/src/Illuminate/Notifications/NotificationSender.php(101): Illuminate\\Notifications\\NotificationSender->withLocale()
#16 /var/www/html/ballon/vendor/laravel/framework/src/Illuminate/Notifications/ChannelManager.php(54): Illuminate\\Notifications\\NotificationSender->sendNow()
#17 /var/www/html/ballon/vendor/laravel/framework/src/Illuminate/Notifications/SendQueuedNotifications.php(119): Illuminate\\Notifications\\ChannelManager->sendNow()
#18 /var/www/html/ballon/vendor/laravel/framework/src/Illuminate/Container/BoundMethod.php(36): Illuminate\\Notifications\\SendQueuedNotifications->handle()
#19 /var/www/html/ballon/vendor/laravel/framework/src/Illuminate/Container/Util.php(41): Illuminate\\Container\\BoundMethod::Illuminate\\Container\\{closure}()
#20 /var/www/html/ballon/vendor/laravel/framework/src/Illuminate/Container/BoundMethod.php(93): Illuminate\\Container\\Util::unwrapIfClosure()
#21 /var/www/html/ballon/vendor/laravel/framework/src/Illuminate/Container/BoundMethod.php(35): Illuminate\\Container\\BoundMethod::callBoundMethod()
#22 /var/www/html/ballon/vendor/laravel/framework/src/Illuminate/Container/Container.php(662): Illuminate\\Container\\BoundMethod::call()
#23 /var/www/html/ballon/vendor/laravel/framework/src/Illuminate/Bus/Dispatcher.php(128): Illuminate\\Container\\Container->call()
#24 /var/www/html/ballon/vendor/laravel/framework/src/Illuminate/Pipeline/Pipeline.php(144): Illuminate\\Bus\\Dispatcher->Illuminate\\Bus\\{closure}()
#25 /var/www/html/ballon/vendor/laravel/framework/src/Illuminate/Pipeline/Pipeline.php(119): Illuminate\\Pipeline\\Pipeline->Illuminate\\Pipeline\\{closure}()
#26 /var/www/html/ballon/vendor/laravel/framework/src/Illuminate/Bus/Dispatcher.php(132): Illuminate\\Pipeline\\Pipeline->then()
#27 /var/www/html/ballon/vendor/laravel/framework/src/Illuminate/Queue/CallQueuedHandler.php(123): Illuminate\\Bus\\Dispatcher->dispatchNow()
#28 /var/www/html/ballon/vendor/laravel/framework/src/Illuminate/Pipeline/Pipeline.php(144): Illuminate\\Queue\\CallQueuedHandler->Illuminate\\Queue\\{closure}()
#29 /var/www/html/ballon/vendor/laravel/framework/src/Illuminate/Pipeline/Pipeline.php(119): Illuminate\\Pipeline\\Pipeline->Illuminate\\Pipeline\\{closure}()
#30 /var/www/html/ballon/vendor/laravel/framework/src/Illuminate/Queue/CallQueuedHandler.php(122): Illuminate\\Pipeline\\Pipeline->then()
#31 /var/www/html/ballon/vendor/laravel/framework/src/Illuminate/Queue/CallQueuedHandler.php(70): Illuminate\\Queue\\CallQueuedHandler->dispatchThroughMiddleware()
#32 /var/www/html/ballon/vendor/laravel/framework/src/Illuminate/Queue/Jobs/Job.php(102): Illuminate\\Queue\\CallQueuedHandler->call()
#33 /var/www/html/ballon/vendor/laravel/framework/src/Illuminate/Queue/Worker.php(439): Illuminate\\Queue\\Jobs\\Job->fire()
#34 /var/www/html/ballon/vendor/laravel/framework/src/Illuminate/Queue/Worker.php(389): Illuminate\\Queue\\Worker->process()
#35 /var/www/html/ballon/vendor/laravel/framework/src/Illuminate/Queue/Worker.php(176): Illuminate\\Queue\\Worker->runJob()
#36 /var/www/html/ballon/vendor/laravel/framework/src/Illuminate/Queue/Console/WorkCommand.php(137): Illuminate\\Queue\\Worker->daemon()
#37 /var/www/html/ballon/vendor/laravel/framework/src/Illuminate/Queue/Console/WorkCommand.php(120): Illuminate\\Queue\\Console\\WorkCommand->runWorker()
#38 /var/www/html/ballon/vendor/laravel/framework/src/Illuminate/Container/BoundMethod.php(36): Illuminate\\Queue\\Console\\WorkCommand->handle()
#39 /var/www/html/ballon/vendor/laravel/framework/src/Illuminate/Container/Util.php(41): Illuminate\\Container\\BoundMethod::Illuminate\\Container\\{closure}()
#40 /var/www/html/ballon/vendor/laravel/framework/src/Illuminate/Container/BoundMethod.php(93): Illuminate\\Container\\Util::unwrapIfClosure()
#41 /var/www/html/ballon/vendor/laravel/framework/src/Illuminate/Container/BoundMethod.php(35): Illuminate\\Container\\BoundMethod::callBoundMethod()
#42 /var/www/html/ballon/vendor/laravel/framework/src/Illuminate/Container/Container.php(662): Illuminate\\Container\\BoundMethod::call()
#43 /var/www/html/ballon/vendor/laravel/framework/src/Illuminate/Console/Command.php(211): Illuminate\\Container\\Container->call()
#44 /var/www/html/ballon/vendor/symfony/console/Command/Command.php(326): Illuminate\\Console\\Command->execute()
#45 /var/www/html/ballon/vendor/laravel/framework/src/Illuminate/Console/Command.php(180): Symfony\\Component\\Console\\Command\\Command->run()
#46 /var/www/html/ballon/vendor/symfony/console/Application.php(1096): Illuminate\\Console\\Command->run()
#47 /var/www/html/ballon/vendor/symfony/console/Application.php(324): Symfony\\Component\\Console\\Application->doRunCommand()
#48 /var/www/html/ballon/vendor/symfony/console/Application.php(175): Symfony\\Component\\Console\\Application->doRun()
#49 /var/www/html/ballon/vendor/laravel/framework/src/Illuminate/Foundation/Console/Kernel.php(201): Symfony\\Component\\Console\\Application->run()
#50 /var/www/html/ballon/artisan(35): Illuminate\\Foundation\\Console\\Kernel->handle()
#51 {main}

[previous exception] [object] (InvalidArgumentException(code: 0): No hint path defined for [mail]. at /var/www/html/ballon/vendor/laravel/framework/src/Illuminate/View/FileViewFinder.php:112)
[stacktrace]
#0 /var/www/html/ballon/vendor/laravel/framework/src/Illuminate/View/FileViewFinder.php(90): Illuminate\\View\\FileViewFinder->parseNamespaceSegments()
#1 /var/www/html/ballon/vendor/laravel/framework/src/Illuminate/View/FileViewFinder.php(76): Illuminate\\View\\FileViewFinder->findNamespacedView()
#2 /var/www/html/ballon/vendor/laravel/framework/src/Illuminate/View/Factory.php(137): Illuminate\\View\\FileViewFinder->find()
#3 /var/www/html/ballon/storage/framework/views/5aa8b4dbd5519ab74920b42ce44c40bb.php(3): Illuminate\\View\\Factory->make()
#4 /var/www/html/ballon/vendor/laravel/framework/src/Illuminate/Filesystem/Filesystem.php(124): require('...')
#5 /var/www/html/ballon/vendor/laravel/framework/src/Illuminate/Filesystem/Filesystem.php(125): Illuminate\\Filesystem\\Filesystem::Illuminate\\Filesystem\\{closure}()
#6 /var/www/html/ballon/vendor/laravel/framework/src/Illuminate/View/Engines/PhpEngine.php(58): Illuminate\\Filesystem\\Filesystem->getRequire()
#7 /var/www/html/ballon/vendor/livewire/livewire/src/Mechanisms/ExtendBlade/ExtendedCompilerEngine.php(22): Illuminate\\View\\Engines\\PhpEngine->evaluatePath()
#8 /var/www/html/ballon/vendor/laravel/framework/src/Illuminate/View/Engines/CompilerEngine.php(72): Livewire\\Mechanisms\\ExtendBlade\\ExtendedCompilerEngine->evaluatePath()
#9 /var/www/html/ballon/vendor/livewire/livewire/src/Mechanisms/ExtendBlade/ExtendedCompilerEngine.php(10): Illuminate\\View\\Engines\\CompilerEngine->get()
#10 /var/www/html/ballon/vendor/laravel/framework/src/Illuminate/View/View.php(207): Livewire\\Mechanisms\\ExtendBlade\\ExtendedCompilerEngine->get()
#11 /var/www/html/ballon/vendor/laravel/framework/src/Illuminate/View/View.php(190): Illuminate\\View\\View->getContents()
#12 /var/www/html/ballon/vendor/laravel/framework/src/Illuminate/View/View.php(159): Illuminate\\View\\View->renderContents()
#13 /var/www/html/ballon/vendor/laravel/framework/src/Illuminate/Mail/Mailer.php(433): Illuminate\\View\\View->render()
#14 /var/www/html/ballon/vendor/laravel/framework/src/Illuminate/Mail/Mailer.php(408): Illuminate\\Mail\\Mailer->renderView()
#15 /var/www/html/ballon/vendor/laravel/framework/src/Illuminate/Mail/Mailer.php(320): Illuminate\\Mail\\Mailer->addContent()
#16 /var/www/html/ballon/vendor/laravel/framework/src/Illuminate/Notifications/Channels/MailChannel.php(66): Illuminate\\Mail\\Mailer->send()
#17 /var/www/html/ballon/vendor/laravel/framework/src/Illuminate/Notifications/NotificationSender.php(148): Illuminate\\Notifications\\Channels\\MailChannel->send()
#18 /var/www/html/ballon/vendor/laravel/framework/src/Illuminate/Notifications/NotificationSender.php(106): Illuminate\\Notifications\\NotificationSender->sendToNotifiable()
#19 /var/www/html/ballon/vendor/laravel/framework/src/Illuminate/Support/Traits/Localizable.php(19): Illuminate\\Notifications\\NotificationSender->Illuminate\\Notifications\\{closure}()
#20 /var/www/html/ballon/vendor/laravel/framework/src/Illuminate/Notifications/NotificationSender.php(101): Illuminate\\Notifications\\NotificationSender->withLocale()
#21 /var/www/html/ballon/vendor/laravel/framework/src/Illuminate/Notifications/ChannelManager.php(54): Illuminate\\Notifications\\NotificationSender->sendNow()
#22 /var/www/html/ballon/vendor/laravel/framework/src/Illuminate/Notifications/SendQueuedNotifications.php(119): Illuminate\\Notifications\\ChannelManager->sendNow()
#23 /var/www/html/ballon/vendor/laravel/framework/src/Illuminate/Container/BoundMethod.php(36): Illuminate\\Notifications\\SendQueuedNotifications->handle()
#24 /var/www/html/ballon/vendor/laravel/framework/src/Illuminate/Container/Util.php(41): Illuminate\\Container\\BoundMethod::Illuminate\\Container\\{closure}()
#25 /var/www/html/ballon/vendor/laravel/framework/src/Illuminate/Container/BoundMethod.php(93): Illuminate\\Container\\Util::unwrapIfClosure()
#26 /var/www/html/ballon/vendor/laravel/framework/src/Illuminate/Container/BoundMethod.php(35): Illuminate\\Container\\BoundMethod::callBoundMethod()
#27 /var/www/html/ballon/vendor/laravel/framework/src/Illuminate/Container/Container.php(662): Illuminate\\Container\\BoundMethod::call()
#28 /var/www/html/ballon/vendor/laravel/framework/src/Illuminate/Bus/Dispatcher.php(128): Illuminate\\Container\\Container->call()
#29 /var/www/html/ballon/vendor/laravel/framework/src/Illuminate/Pipeline/Pipeline.php(144): Illuminate\\Bus\\Dispatcher->Illuminate\\Bus\\{closure}()
#30 /var/www/html/ballon/vendor/laravel/framework/src/Illuminate/Pipeline/Pipeline.php(119): Illuminate\\Pipeline\\Pipeline->Illuminate\\Pipeline\\{closure}()
#31 /var/www/html/ballon/vendor/laravel/framework/src/Illuminate/Bus/Dispatcher.php(132): Illuminate\\Pipeline\\Pipeline->then()
#32 /var/www/html/ballon/vendor/laravel/framework/src/Illuminate/Queue/CallQueuedHandler.php(123): Illuminate\\Bus\\Dispatcher->dispatchNow()
#33 /var/www/html/ballon/vendor/laravel/framework/src/Illuminate/Pipeline/Pipeline.php(144): Illuminate\\Queue\\CallQueuedHandler->Illuminate\\Queue\\{closure}()
#34 /var/www/html/ballon/vendor/laravel/framework/src/Illuminate/Pipeline/Pipeline.php(119): Illuminate\\Pipeline\\Pipeline->Illuminate\\Pipeline\\{closure}()
#35 /var/www/html/ballon/vendor/laravel/framework/src/Illuminate/Queue/CallQueuedHandler.php(122): Illuminate\\Pipeline\\Pipeline->then()
#36 /var/www/html/ballon/vendor/laravel/framework/src/Illuminate/Queue/CallQueuedHandler.php(70): Illuminate\\Queue\\CallQueuedHandler->dispatchThroughMiddleware()
#37 /var/www/html/ballon/vendor/laravel/framework/src/Illuminate/Queue/Jobs/Job.php(102): Illuminate\\Queue\\CallQueuedHandler->call()
#38 /var/www/html/ballon/vendor/laravel/framework/src/Illuminate/Queue/Worker.php(439): Illuminate\\Queue\\Jobs\\Job->fire()
#39 /var/www/html/ballon/vendor/laravel/framework/src/Illuminate/Queue/Worker.php(389): Illuminate\\Queue\\Worker->process()
#40 /var/www/html/ballon/vendor/laravel/framework/src/Illuminate/Queue/Worker.php(176): Illuminate\\Queue\\Worker->runJob()
#41 /var/www/html/ballon/vendor/laravel/framework/src/Illuminate/Queue/Console/WorkCommand.php(137): Illuminate\\Queue\\Worker->daemon()
#42 /var/www/html/ballon/vendor/laravel/framework/src/Illuminate/Queue/Console/WorkCommand.php(120): Illuminate\\Queue\\Console\\WorkCommand->runWorker()
#43 /var/www/html/ballon/vendor/laravel/framework/src/Illuminate/Container/BoundMethod.php(36): Illuminate\\Queue\\Console\\WorkCommand->handle()
#44 /var/www/html/ballon/vendor/laravel/framework/src/Illuminate/Container/Util.php(41): Illuminate\\Container\\BoundMethod::Illuminate\\Container\\{closure}()
#45 /var/www/html/ballon/vendor/laravel/framework/src/Illuminate/Container/BoundMethod.php(93): Illuminate\\Container\\Util::unwrapIfClosure()
#46 /var/www/html/ballon/vendor/laravel/framework/src/Illuminate/Container/BoundMethod.php(35): Illuminate\\Container\\BoundMethod::callBoundMethod()
#47 /var/www/html/ballon/vendor/laravel/framework/src/Illuminate/Container/Container.php(662): Illuminate\\Container\\BoundMethod::call()
#48 /var/www/html/ballon/vendor/laravel/framework/src/Illuminate/Console/Command.php(211): Illuminate\\Container\\Container->call()
#49 /var/www/html/ballon/vendor/symfony/console/Command/Command.php(326): Illuminate\\Console\\Command->execute()
#50 /var/www/html/ballon/vendor/laravel/framework/src/Illuminate/Console/Command.php(180): Symfony\\Component\\Console\\Command\\Command->run()
#51 /var/www/html/ballon/vendor/symfony/console/Application.php(1096): Illuminate\\Console\\Command->run()
#52 /var/www/html/ballon/vendor/symfony/console/Application.php(324): Symfony\\Component\\Console\\Application->doRunCommand()
#53 /var/www/html/ballon/vendor/symfony/console/Application.php(175): Symfony\\Component\\Console\\Application->doRun()
#54 /var/www/html/ballon/vendor/laravel/framework/src/Illuminate/Foundation/Console/Kernel.php(201): Symfony\\Component\\Console\\Application->run()
#55 /var/www/html/ballon/artisan(35): Illuminate\\Foundation\\Console\\Kernel->handle()
#56 {main}
"} 
[2024-05-09 07:15:13] local.ERROR: No hint path defined for [mail]. (View: /var/www/html/ballon/resources/views/mail/reset-password.blade.php) {"exception":"[object] (Illuminate\\View\\ViewException(code: 0): No hint path defined for [mail]. (View: /var/www/html/ballon/resources/views/mail/reset-password.blade.php) at /var/www/html/ballon/vendor/laravel/framework/src/Illuminate/View/FileViewFinder.php:112)
[stacktrace]
#0 /var/www/html/ballon/vendor/livewire/livewire/src/Mechanisms/ExtendBlade/ExtendedCompilerEngine.php(58): Illuminate\\View\\Engines\\CompilerEngine->handleViewException()
#1 /var/www/html/ballon/vendor/laravel/framework/src/Illuminate/View/Engines/PhpEngine.php(60): Livewire\\Mechanisms\\ExtendBlade\\ExtendedCompilerEngine->handleViewException()
#2 /var/www/html/ballon/vendor/livewire/livewire/src/Mechanisms/ExtendBlade/ExtendedCompilerEngine.php(22): Illuminate\\View\\Engines\\PhpEngine->evaluatePath()
#3 /var/www/html/ballon/vendor/laravel/framework/src/Illuminate/View/Engines/CompilerEngine.php(72): Livewire\\Mechanisms\\ExtendBlade\\ExtendedCompilerEngine->evaluatePath()
#4 /var/www/html/ballon/vendor/livewire/livewire/src/Mechanisms/ExtendBlade/ExtendedCompilerEngine.php(10): Illuminate\\View\\Engines\\CompilerEngine->get()
#5 /var/www/html/ballon/vendor/laravel/framework/src/Illuminate/View/View.php(207): Livewire\\Mechanisms\\ExtendBlade\\ExtendedCompilerEngine->get()
#6 /var/www/html/ballon/vendor/laravel/framework/src/Illuminate/View/View.php(190): Illuminate\\View\\View->getContents()
#7 /var/www/html/ballon/vendor/laravel/framework/src/Illuminate/View/View.php(159): Illuminate\\View\\View->renderContents()
#8 /var/www/html/ballon/vendor/laravel/framework/src/Illuminate/Mail/Mailer.php(433): Illuminate\\View\\View->render()
#9 /var/www/html/ballon/vendor/laravel/framework/src/Illuminate/Mail/Mailer.php(408): Illuminate\\Mail\\Mailer->renderView()
#10 /var/www/html/ballon/vendor/laravel/framework/src/Illuminate/Mail/Mailer.php(320): Illuminate\\Mail\\Mailer->addContent()
#11 /var/www/html/ballon/vendor/laravel/framework/src/Illuminate/Notifications/Channels/MailChannel.php(66): Illuminate\\Mail\\Mailer->send()
#12 /var/www/html/ballon/vendor/laravel/framework/src/Illuminate/Notifications/NotificationSender.php(148): Illuminate\\Notifications\\Channels\\MailChannel->send()
#13 /var/www/html/ballon/vendor/laravel/framework/src/Illuminate/Notifications/NotificationSender.php(106): Illuminate\\Notifications\\NotificationSender->sendToNotifiable()
#14 /var/www/html/ballon/vendor/laravel/framework/src/Illuminate/Support/Traits/Localizable.php(19): Illuminate\\Notifications\\NotificationSender->Illuminate\\Notifications\\{closure}()
#15 /var/www/html/ballon/vendor/laravel/framework/src/Illuminate/Notifications/NotificationSender.php(101): Illuminate\\Notifications\\NotificationSender->withLocale()
#16 /var/www/html/ballon/vendor/laravel/framework/src/Illuminate/Notifications/ChannelManager.php(54): Illuminate\\Notifications\\NotificationSender->sendNow()
#17 /var/www/html/ballon/vendor/laravel/framework/src/Illuminate/Notifications/SendQueuedNotifications.php(119): Illuminate\\Notifications\\ChannelManager->sendNow()
#18 /var/www/html/ballon/vendor/laravel/framework/src/Illuminate/Container/BoundMethod.php(36): Illuminate\\Notifications\\SendQueuedNotifications->handle()
#19 /var/www/html/ballon/vendor/laravel/framework/src/Illuminate/Container/Util.php(41): Illuminate\\Container\\BoundMethod::Illuminate\\Container\\{closure}()
#20 /var/www/html/ballon/vendor/laravel/framework/src/Illuminate/Container/BoundMethod.php(93): Illuminate\\Container\\Util::unwrapIfClosure()
#21 /var/www/html/ballon/vendor/laravel/framework/src/Illuminate/Container/BoundMethod.php(35): Illuminate\\Container\\BoundMethod::callBoundMethod()
#22 /var/www/html/ballon/vendor/laravel/framework/src/Illuminate/Container/Container.php(662): Illuminate\\Container\\BoundMethod::call()
#23 /var/www/html/ballon/vendor/laravel/framework/src/Illuminate/Bus/Dispatcher.php(128): Illuminate\\Container\\Container->call()
#24 /var/www/html/ballon/vendor/laravel/framework/src/Illuminate/Pipeline/Pipeline.php(144): Illuminate\\Bus\\Dispatcher->Illuminate\\Bus\\{closure}()
#25 /var/www/html/ballon/vendor/laravel/framework/src/Illuminate/Pipeline/Pipeline.php(119): Illuminate\\Pipeline\\Pipeline->Illuminate\\Pipeline\\{closure}()
#26 /var/www/html/ballon/vendor/laravel/framework/src/Illuminate/Bus/Dispatcher.php(132): Illuminate\\Pipeline\\Pipeline->then()
#27 /var/www/html/ballon/vendor/laravel/framework/src/Illuminate/Queue/CallQueuedHandler.php(123): Illuminate\\Bus\\Dispatcher->dispatchNow()
#28 /var/www/html/ballon/vendor/laravel/framework/src/Illuminate/Pipeline/Pipeline.php(144): Illuminate\\Queue\\CallQueuedHandler->Illuminate\\Queue\\{closure}()
#29 /var/www/html/ballon/vendor/laravel/framework/src/Illuminate/Pipeline/Pipeline.php(119): Illuminate\\Pipeline\\Pipeline->Illuminate\\Pipeline\\{closure}()
#30 /var/www/html/ballon/vendor/laravel/framework/src/Illuminate/Queue/CallQueuedHandler.php(122): Illuminate\\Pipeline\\Pipeline->then()
#31 /var/www/html/ballon/vendor/laravel/framework/src/Illuminate/Queue/CallQueuedHandler.php(70): Illuminate\\Queue\\CallQueuedHandler->dispatchThroughMiddleware()
#32 /var/www/html/ballon/vendor/laravel/framework/src/Illuminate/Queue/Jobs/Job.php(102): Illuminate\\Queue\\CallQueuedHandler->call()
#33 /var/www/html/ballon/vendor/laravel/framework/src/Illuminate/Queue/Worker.php(439): Illuminate\\Queue\\Jobs\\Job->fire()
#34 /var/www/html/ballon/vendor/laravel/framework/src/Illuminate/Queue/Worker.php(389): Illuminate\\Queue\\Worker->process()
#35 /var/www/html/ballon/vendor/laravel/framework/src/Illuminate/Queue/Worker.php(176): Illuminate\\Queue\\Worker->runJob()
#36 /var/www/html/ballon/vendor/laravel/framework/src/Illuminate/Queue/Console/WorkCommand.php(137): Illuminate\\Queue\\Worker->daemon()
#37 /var/www/html/ballon/vendor/laravel/framework/src/Illuminate/Queue/Console/WorkCommand.php(120): Illuminate\\Queue\\Console\\WorkCommand->runWorker()
#38 /var/www/html/ballon/vendor/laravel/framework/src/Illuminate/Container/BoundMethod.php(36): Illuminate\\Queue\\Console\\WorkCommand->handle()
#39 /var/www/html/ballon/vendor/laravel/framework/src/Illuminate/Container/Util.php(41): Illuminate\\Container\\BoundMethod::Illuminate\\Container\\{closure}()
#40 /var/www/html/ballon/vendor/laravel/framework/src/Illuminate/Container/BoundMethod.php(93): Illuminate\\Container\\Util::unwrapIfClosure()
#41 /var/www/html/ballon/vendor/laravel/framework/src/Illuminate/Container/BoundMethod.php(35): Illuminate\\Container\\BoundMethod::callBoundMethod()
#42 /var/www/html/ballon/vendor/laravel/framework/src/Illuminate/Container/Container.php(662): Illuminate\\Container\\BoundMethod::call()
#43 /var/www/html/ballon/vendor/laravel/framework/src/Illuminate/Console/Command.php(211): Illuminate\\Container\\Container->call()
#44 /var/www/html/ballon/vendor/symfony/console/Command/Command.php(326): Illuminate\\Console\\Command->execute()
#45 /var/www/html/ballon/vendor/laravel/framework/src/Illuminate/Console/Command.php(180): Symfony\\Component\\Console\\Command\\Command->run()
#46 /var/www/html/ballon/vendor/symfony/console/Application.php(1096): Illuminate\\Console\\Command->run()
#47 /var/www/html/ballon/vendor/symfony/console/Application.php(324): Symfony\\Component\\Console\\Application->doRunCommand()
#48 /var/www/html/ballon/vendor/symfony/console/Application.php(175): Symfony\\Component\\Console\\Application->doRun()
#49 /var/www/html/ballon/vendor/laravel/framework/src/Illuminate/Foundation/Console/Kernel.php(201): Symfony\\Component\\Console\\Application->run()
#50 /var/www/html/ballon/artisan(35): Illuminate\\Foundation\\Console\\Kernel->handle()
#51 {main}

[previous exception] [object] (InvalidArgumentException(code: 0): No hint path defined for [mail]. at /var/www/html/ballon/vendor/laravel/framework/src/Illuminate/View/FileViewFinder.php:112)
[stacktrace]
#0 /var/www/html/ballon/vendor/laravel/framework/src/Illuminate/View/FileViewFinder.php(90): Illuminate\\View\\FileViewFinder->parseNamespaceSegments()
#1 /var/www/html/ballon/vendor/laravel/framework/src/Illuminate/View/FileViewFinder.php(76): Illuminate\\View\\FileViewFinder->findNamespacedView()
#2 /var/www/html/ballon/vendor/laravel/framework/src/Illuminate/View/Factory.php(137): Illuminate\\View\\FileViewFinder->find()
#3 /var/www/html/ballon/storage/framework/views/5aa8b4dbd5519ab74920b42ce44c40bb.php(3): Illuminate\\View\\Factory->make()
#4 /var/www/html/ballon/vendor/laravel/framework/src/Illuminate/Filesystem/Filesystem.php(124): require('...')
#5 /var/www/html/ballon/vendor/laravel/framework/src/Illuminate/Filesystem/Filesystem.php(125): Illuminate\\Filesystem\\Filesystem::Illuminate\\Filesystem\\{closure}()
#6 /var/www/html/ballon/vendor/laravel/framework/src/Illuminate/View/Engines/PhpEngine.php(58): Illuminate\\Filesystem\\Filesystem->getRequire()
#7 /var/www/html/ballon/vendor/livewire/livewire/src/Mechanisms/ExtendBlade/ExtendedCompilerEngine.php(22): Illuminate\\View\\Engines\\PhpEngine->evaluatePath()
#8 /var/www/html/ballon/vendor/laravel/framework/src/Illuminate/View/Engines/CompilerEngine.php(72): Livewire\\Mechanisms\\ExtendBlade\\ExtendedCompilerEngine->evaluatePath()
#9 /var/www/html/ballon/vendor/livewire/livewire/src/Mechanisms/ExtendBlade/ExtendedCompilerEngine.php(10): Illuminate\\View\\Engines\\CompilerEngine->get()
#10 /var/www/html/ballon/vendor/laravel/framework/src/Illuminate/View/View.php(207): Livewire\\Mechanisms\\ExtendBlade\\ExtendedCompilerEngine->get()
#11 /var/www/html/ballon/vendor/laravel/framework/src/Illuminate/View/View.php(190): Illuminate\\View\\View->getContents()
#12 /var/www/html/ballon/vendor/laravel/framework/src/Illuminate/View/View.php(159): Illuminate\\View\\View->renderContents()
#13 /var/www/html/ballon/vendor/laravel/framework/src/Illuminate/Mail/Mailer.php(433): Illuminate\\View\\View->render()
#14 /var/www/html/ballon/vendor/laravel/framework/src/Illuminate/Mail/Mailer.php(408): Illuminate\\Mail\\Mailer->renderView()
#15 /var/www/html/ballon/vendor/laravel/framework/src/Illuminate/Mail/Mailer.php(320): Illuminate\\Mail\\Mailer->addContent()
#16 /var/www/html/ballon/vendor/laravel/framework/src/Illuminate/Notifications/Channels/MailChannel.php(66): Illuminate\\Mail\\Mailer->send()
#17 /var/www/html/ballon/vendor/laravel/framework/src/Illuminate/Notifications/NotificationSender.php(148): Illuminate\\Notifications\\Channels\\MailChannel->send()
#18 /var/www/html/ballon/vendor/laravel/framework/src/Illuminate/Notifications/NotificationSender.php(106): Illuminate\\Notifications\\NotificationSender->sendToNotifiable()
#19 /var/www/html/ballon/vendor/laravel/framework/src/Illuminate/Support/Traits/Localizable.php(19): Illuminate\\Notifications\\NotificationSender->Illuminate\\Notifications\\{closure}()
#20 /var/www/html/ballon/vendor/laravel/framework/src/Illuminate/Notifications/NotificationSender.php(101): Illuminate\\Notifications\\NotificationSender->withLocale()
#21 /var/www/html/ballon/vendor/laravel/framework/src/Illuminate/Notifications/ChannelManager.php(54): Illuminate\\Notifications\\NotificationSender->sendNow()
#22 /var/www/html/ballon/vendor/laravel/framework/src/Illuminate/Notifications/SendQueuedNotifications.php(119): Illuminate\\Notifications\\ChannelManager->sendNow()
#23 /var/www/html/ballon/vendor/laravel/framework/src/Illuminate/Container/BoundMethod.php(36): Illuminate\\Notifications\\SendQueuedNotifications->handle()
#24 /var/www/html/ballon/vendor/laravel/framework/src/Illuminate/Container/Util.php(41): Illuminate\\Container\\BoundMethod::Illuminate\\Container\\{closure}()
#25 /var/www/html/ballon/vendor/laravel/framework/src/Illuminate/Container/BoundMethod.php(93): Illuminate\\Container\\Util::unwrapIfClosure()
#26 /var/www/html/ballon/vendor/laravel/framework/src/Illuminate/Container/BoundMethod.php(35): Illuminate\\Container\\BoundMethod::callBoundMethod()
#27 /var/www/html/ballon/vendor/laravel/framework/src/Illuminate/Container/Container.php(662): Illuminate\\Container\\BoundMethod::call()
#28 /var/www/html/ballon/vendor/laravel/framework/src/Illuminate/Bus/Dispatcher.php(128): Illuminate\\Container\\Container->call()
#29 /var/www/html/ballon/vendor/laravel/framework/src/Illuminate/Pipeline/Pipeline.php(144): Illuminate\\Bus\\Dispatcher->Illuminate\\Bus\\{closure}()
#30 /var/www/html/ballon/vendor/laravel/framework/src/Illuminate/Pipeline/Pipeline.php(119): Illuminate\\Pipeline\\Pipeline->Illuminate\\Pipeline\\{closure}()
#31 /var/www/html/ballon/vendor/laravel/framework/src/Illuminate/Bus/Dispatcher.php(132): Illuminate\\Pipeline\\Pipeline->then()
#32 /var/www/html/ballon/vendor/laravel/framework/src/Illuminate/Queue/CallQueuedHandler.php(123): Illuminate\\Bus\\Dispatcher->dispatchNow()
#33 /var/www/html/ballon/vendor/laravel/framework/src/Illuminate/Pipeline/Pipeline.php(144): Illuminate\\Queue\\CallQueuedHandler->Illuminate\\Queue\\{closure}()
#34 /var/www/html/ballon/vendor/laravel/framework/src/Illuminate/Pipeline/Pipeline.php(119): Illuminate\\Pipeline\\Pipeline->Illuminate\\Pipeline\\{closure}()
#35 /var/www/html/ballon/vendor/laravel/framework/src/Illuminate/Queue/CallQueuedHandler.php(122): Illuminate\\Pipeline\\Pipeline->then()
#36 /var/www/html/ballon/vendor/laravel/framework/src/Illuminate/Queue/CallQueuedHandler.php(70): Illuminate\\Queue\\CallQueuedHandler->dispatchThroughMiddleware()
#37 /var/www/html/ballon/vendor/laravel/framework/src/Illuminate/Queue/Jobs/Job.php(102): Illuminate\\Queue\\CallQueuedHandler->call()
#38 /var/www/html/ballon/vendor/laravel/framework/src/Illuminate/Queue/Worker.php(439): Illuminate\\Queue\\Jobs\\Job->fire()
#39 /var/www/html/ballon/vendor/laravel/framework/src/Illuminate/Queue/Worker.php(389): Illuminate\\Queue\\Worker->process()
#40 /var/www/html/ballon/vendor/laravel/framework/src/Illuminate/Queue/Worker.php(176): Illuminate\\Queue\\Worker->runJob()
#41 /var/www/html/ballon/vendor/laravel/framework/src/Illuminate/Queue/Console/WorkCommand.php(137): Illuminate\\Queue\\Worker->daemon()
#42 /var/www/html/ballon/vendor/laravel/framework/src/Illuminate/Queue/Console/WorkCommand.php(120): Illuminate\\Queue\\Console\\WorkCommand->runWorker()
#43 /var/www/html/ballon/vendor/laravel/framework/src/Illuminate/Container/BoundMethod.php(36): Illuminate\\Queue\\Console\\WorkCommand->handle()
#44 /var/www/html/ballon/vendor/laravel/framework/src/Illuminate/Container/Util.php(41): Illuminate\\Container\\BoundMethod::Illuminate\\Container\\{closure}()
#45 /var/www/html/ballon/vendor/laravel/framework/src/Illuminate/Container/BoundMethod.php(93): Illuminate\\Container\\Util::unwrapIfClosure()
#46 /var/www/html/ballon/vendor/laravel/framework/src/Illuminate/Container/BoundMethod.php(35): Illuminate\\Container\\BoundMethod::callBoundMethod()
#47 /var/www/html/ballon/vendor/laravel/framework/src/Illuminate/Container/Container.php(662): Illuminate\\Container\\BoundMethod::call()
#48 /var/www/html/ballon/vendor/laravel/framework/src/Illuminate/Console/Command.php(211): Illuminate\\Container\\Container->call()
#49 /var/www/html/ballon/vendor/symfony/console/Command/Command.php(326): Illuminate\\Console\\Command->execute()
#50 /var/www/html/ballon/vendor/laravel/framework/src/Illuminate/Console/Command.php(180): Symfony\\Component\\Console\\Command\\Command->run()
#51 /var/www/html/ballon/vendor/symfony/console/Application.php(1096): Illuminate\\Console\\Command->run()
#52 /var/www/html/ballon/vendor/symfony/console/Application.php(324): Symfony\\Component\\Console\\Application->doRunCommand()
#53 /var/www/html/ballon/vendor/symfony/console/Application.php(175): Symfony\\Component\\Console\\Application->doRun()
#54 /var/www/html/ballon/vendor/laravel/framework/src/Illuminate/Foundation/Console/Kernel.php(201): Symfony\\Component\\Console\\Application->run()
#55 /var/www/html/ballon/artisan(35): Illuminate\\Foundation\\Console\\Kernel->handle()
#56 {main}
"} 
[2024-05-09 07:19:53] local.ERROR: No hint path defined for [mail]. (View: /var/www/html/ballon/resources/views/mail/reset-password.blade.php) {"exception":"[object] (Illuminate\\View\\ViewException(code: 0): No hint path defined for [mail]. (View: /var/www/html/ballon/resources/views/mail/reset-password.blade.php) at /var/www/html/ballon/vendor/laravel/framework/src/Illuminate/View/FileViewFinder.php:112)
[stacktrace]
#0 /var/www/html/ballon/vendor/livewire/livewire/src/Mechanisms/ExtendBlade/ExtendedCompilerEngine.php(58): Illuminate\\View\\Engines\\CompilerEngine->handleViewException()
#1 /var/www/html/ballon/vendor/laravel/framework/src/Illuminate/View/Engines/PhpEngine.php(60): Livewire\\Mechanisms\\ExtendBlade\\ExtendedCompilerEngine->handleViewException()
#2 /var/www/html/ballon/vendor/livewire/livewire/src/Mechanisms/ExtendBlade/ExtendedCompilerEngine.php(22): Illuminate\\View\\Engines\\PhpEngine->evaluatePath()
#3 /var/www/html/ballon/vendor/laravel/framework/src/Illuminate/View/Engines/CompilerEngine.php(72): Livewire\\Mechanisms\\ExtendBlade\\ExtendedCompilerEngine->evaluatePath()
#4 /var/www/html/ballon/vendor/livewire/livewire/src/Mechanisms/ExtendBlade/ExtendedCompilerEngine.php(10): Illuminate\\View\\Engines\\CompilerEngine->get()
#5 /var/www/html/ballon/vendor/laravel/framework/src/Illuminate/View/View.php(207): Livewire\\Mechanisms\\ExtendBlade\\ExtendedCompilerEngine->get()
#6 /var/www/html/ballon/vendor/laravel/framework/src/Illuminate/View/View.php(190): Illuminate\\View\\View->getContents()
#7 /var/www/html/ballon/vendor/laravel/framework/src/Illuminate/View/View.php(159): Illuminate\\View\\View->renderContents()
#8 /var/www/html/ballon/vendor/laravel/framework/src/Illuminate/Mail/Mailer.php(433): Illuminate\\View\\View->render()
#9 /var/www/html/ballon/vendor/laravel/framework/src/Illuminate/Mail/Mailer.php(408): Illuminate\\Mail\\Mailer->renderView()
#10 /var/www/html/ballon/vendor/laravel/framework/src/Illuminate/Mail/Mailer.php(320): Illuminate\\Mail\\Mailer->addContent()
#11 /var/www/html/ballon/vendor/laravel/framework/src/Illuminate/Notifications/Channels/MailChannel.php(66): Illuminate\\Mail\\Mailer->send()
#12 /var/www/html/ballon/vendor/laravel/framework/src/Illuminate/Notifications/NotificationSender.php(148): Illuminate\\Notifications\\Channels\\MailChannel->send()
#13 /var/www/html/ballon/vendor/laravel/framework/src/Illuminate/Notifications/NotificationSender.php(106): Illuminate\\Notifications\\NotificationSender->sendToNotifiable()
#14 /var/www/html/ballon/vendor/laravel/framework/src/Illuminate/Support/Traits/Localizable.php(19): Illuminate\\Notifications\\NotificationSender->Illuminate\\Notifications\\{closure}()
#15 /var/www/html/ballon/vendor/laravel/framework/src/Illuminate/Notifications/NotificationSender.php(101): Illuminate\\Notifications\\NotificationSender->withLocale()
#16 /var/www/html/ballon/vendor/laravel/framework/src/Illuminate/Notifications/ChannelManager.php(54): Illuminate\\Notifications\\NotificationSender->sendNow()
#17 /var/www/html/ballon/vendor/laravel/framework/src/Illuminate/Notifications/SendQueuedNotifications.php(119): Illuminate\\Notifications\\ChannelManager->sendNow()
#18 /var/www/html/ballon/vendor/laravel/framework/src/Illuminate/Container/BoundMethod.php(36): Illuminate\\Notifications\\SendQueuedNotifications->handle()
#19 /var/www/html/ballon/vendor/laravel/framework/src/Illuminate/Container/Util.php(41): Illuminate\\Container\\BoundMethod::Illuminate\\Container\\{closure}()
#20 /var/www/html/ballon/vendor/laravel/framework/src/Illuminate/Container/BoundMethod.php(93): Illuminate\\Container\\Util::unwrapIfClosure()
#21 /var/www/html/ballon/vendor/laravel/framework/src/Illuminate/Container/BoundMethod.php(35): Illuminate\\Container\\BoundMethod::callBoundMethod()
#22 /var/www/html/ballon/vendor/laravel/framework/src/Illuminate/Container/Container.php(662): Illuminate\\Container\\BoundMethod::call()
#23 /var/www/html/ballon/vendor/laravel/framework/src/Illuminate/Bus/Dispatcher.php(128): Illuminate\\Container\\Container->call()
#24 /var/www/html/ballon/vendor/laravel/framework/src/Illuminate/Pipeline/Pipeline.php(144): Illuminate\\Bus\\Dispatcher->Illuminate\\Bus\\{closure}()
#25 /var/www/html/ballon/vendor/laravel/framework/src/Illuminate/Pipeline/Pipeline.php(119): Illuminate\\Pipeline\\Pipeline->Illuminate\\Pipeline\\{closure}()
#26 /var/www/html/ballon/vendor/laravel/framework/src/Illuminate/Bus/Dispatcher.php(132): Illuminate\\Pipeline\\Pipeline->then()
#27 /var/www/html/ballon/vendor/laravel/framework/src/Illuminate/Queue/CallQueuedHandler.php(123): Illuminate\\Bus\\Dispatcher->dispatchNow()
#28 /var/www/html/ballon/vendor/laravel/framework/src/Illuminate/Pipeline/Pipeline.php(144): Illuminate\\Queue\\CallQueuedHandler->Illuminate\\Queue\\{closure}()
#29 /var/www/html/ballon/vendor/laravel/framework/src/Illuminate/Pipeline/Pipeline.php(119): Illuminate\\Pipeline\\Pipeline->Illuminate\\Pipeline\\{closure}()
#30 /var/www/html/ballon/vendor/laravel/framework/src/Illuminate/Queue/CallQueuedHandler.php(122): Illuminate\\Pipeline\\Pipeline->then()
#31 /var/www/html/ballon/vendor/laravel/framework/src/Illuminate/Queue/CallQueuedHandler.php(70): Illuminate\\Queue\\CallQueuedHandler->dispatchThroughMiddleware()
#32 /var/www/html/ballon/vendor/laravel/framework/src/Illuminate/Queue/Jobs/Job.php(102): Illuminate\\Queue\\CallQueuedHandler->call()
#33 /var/www/html/ballon/vendor/laravel/framework/src/Illuminate/Queue/Worker.php(439): Illuminate\\Queue\\Jobs\\Job->fire()
#34 /var/www/html/ballon/vendor/laravel/framework/src/Illuminate/Queue/Worker.php(389): Illuminate\\Queue\\Worker->process()
#35 /var/www/html/ballon/vendor/laravel/framework/src/Illuminate/Queue/Worker.php(176): Illuminate\\Queue\\Worker->runJob()
#36 /var/www/html/ballon/vendor/laravel/framework/src/Illuminate/Queue/Console/WorkCommand.php(137): Illuminate\\Queue\\Worker->daemon()
#37 /var/www/html/ballon/vendor/laravel/framework/src/Illuminate/Queue/Console/WorkCommand.php(120): Illuminate\\Queue\\Console\\WorkCommand->runWorker()
#38 /var/www/html/ballon/vendor/laravel/framework/src/Illuminate/Container/BoundMethod.php(36): Illuminate\\Queue\\Console\\WorkCommand->handle()
#39 /var/www/html/ballon/vendor/laravel/framework/src/Illuminate/Container/Util.php(41): Illuminate\\Container\\BoundMethod::Illuminate\\Container\\{closure}()
#40 /var/www/html/ballon/vendor/laravel/framework/src/Illuminate/Container/BoundMethod.php(93): Illuminate\\Container\\Util::unwrapIfClosure()
#41 /var/www/html/ballon/vendor/laravel/framework/src/Illuminate/Container/BoundMethod.php(35): Illuminate\\Container\\BoundMethod::callBoundMethod()
#42 /var/www/html/ballon/vendor/laravel/framework/src/Illuminate/Container/Container.php(662): Illuminate\\Container\\BoundMethod::call()
#43 /var/www/html/ballon/vendor/laravel/framework/src/Illuminate/Console/Command.php(211): Illuminate\\Container\\Container->call()
#44 /var/www/html/ballon/vendor/symfony/console/Command/Command.php(326): Illuminate\\Console\\Command->execute()
#45 /var/www/html/ballon/vendor/laravel/framework/src/Illuminate/Console/Command.php(180): Symfony\\Component\\Console\\Command\\Command->run()
#46 /var/www/html/ballon/vendor/symfony/console/Application.php(1096): Illuminate\\Console\\Command->run()
#47 /var/www/html/ballon/vendor/symfony/console/Application.php(324): Symfony\\Component\\Console\\Application->doRunCommand()
#48 /var/www/html/ballon/vendor/symfony/console/Application.php(175): Symfony\\Component\\Console\\Application->doRun()
#49 /var/www/html/ballon/vendor/laravel/framework/src/Illuminate/Foundation/Console/Kernel.php(201): Symfony\\Component\\Console\\Application->run()
#50 /var/www/html/ballon/artisan(35): Illuminate\\Foundation\\Console\\Kernel->handle()
#51 {main}

[previous exception] [object] (InvalidArgumentException(code: 0): No hint path defined for [mail]. at /var/www/html/ballon/vendor/laravel/framework/src/Illuminate/View/FileViewFinder.php:112)
[stacktrace]
#0 /var/www/html/ballon/vendor/laravel/framework/src/Illuminate/View/FileViewFinder.php(90): Illuminate\\View\\FileViewFinder->parseNamespaceSegments()
#1 /var/www/html/ballon/vendor/laravel/framework/src/Illuminate/View/FileViewFinder.php(76): Illuminate\\View\\FileViewFinder->findNamespacedView()
#2 /var/www/html/ballon/vendor/laravel/framework/src/Illuminate/View/Factory.php(137): Illuminate\\View\\FileViewFinder->find()
#3 /var/www/html/ballon/storage/framework/views/5aa8b4dbd5519ab74920b42ce44c40bb.php(3): Illuminate\\View\\Factory->make()
#4 /var/www/html/ballon/vendor/laravel/framework/src/Illuminate/Filesystem/Filesystem.php(124): require('...')
#5 /var/www/html/ballon/vendor/laravel/framework/src/Illuminate/Filesystem/Filesystem.php(125): Illuminate\\Filesystem\\Filesystem::Illuminate\\Filesystem\\{closure}()
#6 /var/www/html/ballon/vendor/laravel/framework/src/Illuminate/View/Engines/PhpEngine.php(58): Illuminate\\Filesystem\\Filesystem->getRequire()
#7 /var/www/html/ballon/vendor/livewire/livewire/src/Mechanisms/ExtendBlade/ExtendedCompilerEngine.php(22): Illuminate\\View\\Engines\\PhpEngine->evaluatePath()
#8 /var/www/html/ballon/vendor/laravel/framework/src/Illuminate/View/Engines/CompilerEngine.php(72): Livewire\\Mechanisms\\ExtendBlade\\ExtendedCompilerEngine->evaluatePath()
#9 /var/www/html/ballon/vendor/livewire/livewire/src/Mechanisms/ExtendBlade/ExtendedCompilerEngine.php(10): Illuminate\\View\\Engines\\CompilerEngine->get()
#10 /var/www/html/ballon/vendor/laravel/framework/src/Illuminate/View/View.php(207): Livewire\\Mechanisms\\ExtendBlade\\ExtendedCompilerEngine->get()
#11 /var/www/html/ballon/vendor/laravel/framework/src/Illuminate/View/View.php(190): Illuminate\\View\\View->getContents()
#12 /var/www/html/ballon/vendor/laravel/framework/src/Illuminate/View/View.php(159): Illuminate\\View\\View->renderContents()
#13 /var/www/html/ballon/vendor/laravel/framework/src/Illuminate/Mail/Mailer.php(433): Illuminate\\View\\View->render()
#14 /var/www/html/ballon/vendor/laravel/framework/src/Illuminate/Mail/Mailer.php(408): Illuminate\\Mail\\Mailer->renderView()
#15 /var/www/html/ballon/vendor/laravel/framework/src/Illuminate/Mail/Mailer.php(320): Illuminate\\Mail\\Mailer->addContent()
#16 /var/www/html/ballon/vendor/laravel/framework/src/Illuminate/Notifications/Channels/MailChannel.php(66): Illuminate\\Mail\\Mailer->send()
#17 /var/www/html/ballon/vendor/laravel/framework/src/Illuminate/Notifications/NotificationSender.php(148): Illuminate\\Notifications\\Channels\\MailChannel->send()
#18 /var/www/html/ballon/vendor/laravel/framework/src/Illuminate/Notifications/NotificationSender.php(106): Illuminate\\Notifications\\NotificationSender->sendToNotifiable()
#19 /var/www/html/ballon/vendor/laravel/framework/src/Illuminate/Support/Traits/Localizable.php(19): Illuminate\\Notifications\\NotificationSender->Illuminate\\Notifications\\{closure}()
#20 /var/www/html/ballon/vendor/laravel/framework/src/Illuminate/Notifications/NotificationSender.php(101): Illuminate\\Notifications\\NotificationSender->withLocale()
#21 /var/www/html/ballon/vendor/laravel/framework/src/Illuminate/Notifications/ChannelManager.php(54): Illuminate\\Notifications\\NotificationSender->sendNow()
#22 /var/www/html/ballon/vendor/laravel/framework/src/Illuminate/Notifications/SendQueuedNotifications.php(119): Illuminate\\Notifications\\ChannelManager->sendNow()
#23 /var/www/html/ballon/vendor/laravel/framework/src/Illuminate/Container/BoundMethod.php(36): Illuminate\\Notifications\\SendQueuedNotifications->handle()
#24 /var/www/html/ballon/vendor/laravel/framework/src/Illuminate/Container/Util.php(41): Illuminate\\Container\\BoundMethod::Illuminate\\Container\\{closure}()
#25 /var/www/html/ballon/vendor/laravel/framework/src/Illuminate/Container/BoundMethod.php(93): Illuminate\\Container\\Util::unwrapIfClosure()
#26 /var/www/html/ballon/vendor/laravel/framework/src/Illuminate/Container/BoundMethod.php(35): Illuminate\\Container\\BoundMethod::callBoundMethod()
#27 /var/www/html/ballon/vendor/laravel/framework/src/Illuminate/Container/Container.php(662): Illuminate\\Container\\BoundMethod::call()
#28 /var/www/html/ballon/vendor/laravel/framework/src/Illuminate/Bus/Dispatcher.php(128): Illuminate\\Container\\Container->call()
#29 /var/www/html/ballon/vendor/laravel/framework/src/Illuminate/Pipeline/Pipeline.php(144): Illuminate\\Bus\\Dispatcher->Illuminate\\Bus\\{closure}()
#30 /var/www/html/ballon/vendor/laravel/framework/src/Illuminate/Pipeline/Pipeline.php(119): Illuminate\\Pipeline\\Pipeline->Illuminate\\Pipeline\\{closure}()
#31 /var/www/html/ballon/vendor/laravel/framework/src/Illuminate/Bus/Dispatcher.php(132): Illuminate\\Pipeline\\Pipeline->then()
#32 /var/www/html/ballon/vendor/laravel/framework/src/Illuminate/Queue/CallQueuedHandler.php(123): Illuminate\\Bus\\Dispatcher->dispatchNow()
#33 /var/www/html/ballon/vendor/laravel/framework/src/Illuminate/Pipeline/Pipeline.php(144): Illuminate\\Queue\\CallQueuedHandler->Illuminate\\Queue\\{closure}()
#34 /var/www/html/ballon/vendor/laravel/framework/src/Illuminate/Pipeline/Pipeline.php(119): Illuminate\\Pipeline\\Pipeline->Illuminate\\Pipeline\\{closure}()
#35 /var/www/html/ballon/vendor/laravel/framework/src/Illuminate/Queue/CallQueuedHandler.php(122): Illuminate\\Pipeline\\Pipeline->then()
#36 /var/www/html/ballon/vendor/laravel/framework/src/Illuminate/Queue/CallQueuedHandler.php(70): Illuminate\\Queue\\CallQueuedHandler->dispatchThroughMiddleware()
#37 /var/www/html/ballon/vendor/laravel/framework/src/Illuminate/Queue/Jobs/Job.php(102): Illuminate\\Queue\\CallQueuedHandler->call()
#38 /var/www/html/ballon/vendor/laravel/framework/src/Illuminate/Queue/Worker.php(439): Illuminate\\Queue\\Jobs\\Job->fire()
#39 /var/www/html/ballon/vendor/laravel/framework/src/Illuminate/Queue/Worker.php(389): Illuminate\\Queue\\Worker->process()
#40 /var/www/html/ballon/vendor/laravel/framework/src/Illuminate/Queue/Worker.php(176): Illuminate\\Queue\\Worker->runJob()
#41 /var/www/html/ballon/vendor/laravel/framework/src/Illuminate/Queue/Console/WorkCommand.php(137): Illuminate\\Queue\\Worker->daemon()
#42 /var/www/html/ballon/vendor/laravel/framework/src/Illuminate/Queue/Console/WorkCommand.php(120): Illuminate\\Queue\\Console\\WorkCommand->runWorker()
#43 /var/www/html/ballon/vendor/laravel/framework/src/Illuminate/Container/BoundMethod.php(36): Illuminate\\Queue\\Console\\WorkCommand->handle()
#44 /var/www/html/ballon/vendor/laravel/framework/src/Illuminate/Container/Util.php(41): Illuminate\\Container\\BoundMethod::Illuminate\\Container\\{closure}()
#45 /var/www/html/ballon/vendor/laravel/framework/src/Illuminate/Container/BoundMethod.php(93): Illuminate\\Container\\Util::unwrapIfClosure()
#46 /var/www/html/ballon/vendor/laravel/framework/src/Illuminate/Container/BoundMethod.php(35): Illuminate\\Container\\BoundMethod::callBoundMethod()
#47 /var/www/html/ballon/vendor/laravel/framework/src/Illuminate/Container/Container.php(662): Illuminate\\Container\\BoundMethod::call()
#48 /var/www/html/ballon/vendor/laravel/framework/src/Illuminate/Console/Command.php(211): Illuminate\\Container\\Container->call()
#49 /var/www/html/ballon/vendor/symfony/console/Command/Command.php(326): Illuminate\\Console\\Command->execute()
#50 /var/www/html/ballon/vendor/laravel/framework/src/Illuminate/Console/Command.php(180): Symfony\\Component\\Console\\Command\\Command->run()
#51 /var/www/html/ballon/vendor/symfony/console/Application.php(1096): Illuminate\\Console\\Command->run()
#52 /var/www/html/ballon/vendor/symfony/console/Application.php(324): Symfony\\Component\\Console\\Application->doRunCommand()
#53 /var/www/html/ballon/vendor/symfony/console/Application.php(175): Symfony\\Component\\Console\\Application->doRun()
#54 /var/www/html/ballon/vendor/laravel/framework/src/Illuminate/Foundation/Console/Kernel.php(201): Symfony\\Component\\Console\\Application->run()
#55 /var/www/html/ballon/artisan(35): Illuminate\\Foundation\\Console\\Kernel->handle()
#56 {main}
"} 
[2024-05-09 07:21:55] local.ERROR: No hint path defined for [mail]. (View: /var/www/html/ballon/resources/views/mail/reset-password.blade.php) {"exception":"[object] (Illuminate\\View\\ViewException(code: 0): No hint path defined for [mail]. (View: /var/www/html/ballon/resources/views/mail/reset-password.blade.php) at /var/www/html/ballon/vendor/laravel/framework/src/Illuminate/View/FileViewFinder.php:112)
[stacktrace]
#0 /var/www/html/ballon/vendor/livewire/livewire/src/Mechanisms/ExtendBlade/ExtendedCompilerEngine.php(58): Illuminate\\View\\Engines\\CompilerEngine->handleViewException()
#1 /var/www/html/ballon/vendor/laravel/framework/src/Illuminate/View/Engines/PhpEngine.php(60): Livewire\\Mechanisms\\ExtendBlade\\ExtendedCompilerEngine->handleViewException()
#2 /var/www/html/ballon/vendor/livewire/livewire/src/Mechanisms/ExtendBlade/ExtendedCompilerEngine.php(22): Illuminate\\View\\Engines\\PhpEngine->evaluatePath()
#3 /var/www/html/ballon/vendor/laravel/framework/src/Illuminate/View/Engines/CompilerEngine.php(72): Livewire\\Mechanisms\\ExtendBlade\\ExtendedCompilerEngine->evaluatePath()
#4 /var/www/html/ballon/vendor/livewire/livewire/src/Mechanisms/ExtendBlade/ExtendedCompilerEngine.php(10): Illuminate\\View\\Engines\\CompilerEngine->get()
#5 /var/www/html/ballon/vendor/laravel/framework/src/Illuminate/View/View.php(207): Livewire\\Mechanisms\\ExtendBlade\\ExtendedCompilerEngine->get()
#6 /var/www/html/ballon/vendor/laravel/framework/src/Illuminate/View/View.php(190): Illuminate\\View\\View->getContents()
#7 /var/www/html/ballon/vendor/laravel/framework/src/Illuminate/View/View.php(159): Illuminate\\View\\View->renderContents()
#8 /var/www/html/ballon/vendor/laravel/framework/src/Illuminate/Mail/Mailer.php(433): Illuminate\\View\\View->render()
#9 /var/www/html/ballon/vendor/laravel/framework/src/Illuminate/Mail/Mailer.php(408): Illuminate\\Mail\\Mailer->renderView()
#10 /var/www/html/ballon/vendor/laravel/framework/src/Illuminate/Mail/Mailer.php(320): Illuminate\\Mail\\Mailer->addContent()
#11 /var/www/html/ballon/vendor/laravel/framework/src/Illuminate/Notifications/Channels/MailChannel.php(66): Illuminate\\Mail\\Mailer->send()
#12 /var/www/html/ballon/vendor/laravel/framework/src/Illuminate/Notifications/NotificationSender.php(148): Illuminate\\Notifications\\Channels\\MailChannel->send()
#13 /var/www/html/ballon/vendor/laravel/framework/src/Illuminate/Notifications/NotificationSender.php(106): Illuminate\\Notifications\\NotificationSender->sendToNotifiable()
#14 /var/www/html/ballon/vendor/laravel/framework/src/Illuminate/Support/Traits/Localizable.php(19): Illuminate\\Notifications\\NotificationSender->Illuminate\\Notifications\\{closure}()
#15 /var/www/html/ballon/vendor/laravel/framework/src/Illuminate/Notifications/NotificationSender.php(101): Illuminate\\Notifications\\NotificationSender->withLocale()
#16 /var/www/html/ballon/vendor/laravel/framework/src/Illuminate/Notifications/ChannelManager.php(54): Illuminate\\Notifications\\NotificationSender->sendNow()
#17 /var/www/html/ballon/vendor/laravel/framework/src/Illuminate/Notifications/SendQueuedNotifications.php(119): Illuminate\\Notifications\\ChannelManager->sendNow()
#18 /var/www/html/ballon/vendor/laravel/framework/src/Illuminate/Container/BoundMethod.php(36): Illuminate\\Notifications\\SendQueuedNotifications->handle()
#19 /var/www/html/ballon/vendor/laravel/framework/src/Illuminate/Container/Util.php(41): Illuminate\\Container\\BoundMethod::Illuminate\\Container\\{closure}()
#20 /var/www/html/ballon/vendor/laravel/framework/src/Illuminate/Container/BoundMethod.php(93): Illuminate\\Container\\Util::unwrapIfClosure()
#21 /var/www/html/ballon/vendor/laravel/framework/src/Illuminate/Container/BoundMethod.php(35): Illuminate\\Container\\BoundMethod::callBoundMethod()
#22 /var/www/html/ballon/vendor/laravel/framework/src/Illuminate/Container/Container.php(662): Illuminate\\Container\\BoundMethod::call()
#23 /var/www/html/ballon/vendor/laravel/framework/src/Illuminate/Bus/Dispatcher.php(128): Illuminate\\Container\\Container->call()
#24 /var/www/html/ballon/vendor/laravel/framework/src/Illuminate/Pipeline/Pipeline.php(144): Illuminate\\Bus\\Dispatcher->Illuminate\\Bus\\{closure}()
#25 /var/www/html/ballon/vendor/laravel/framework/src/Illuminate/Pipeline/Pipeline.php(119): Illuminate\\Pipeline\\Pipeline->Illuminate\\Pipeline\\{closure}()
#26 /var/www/html/ballon/vendor/laravel/framework/src/Illuminate/Bus/Dispatcher.php(132): Illuminate\\Pipeline\\Pipeline->then()
#27 /var/www/html/ballon/vendor/laravel/framework/src/Illuminate/Queue/CallQueuedHandler.php(123): Illuminate\\Bus\\Dispatcher->dispatchNow()
#28 /var/www/html/ballon/vendor/laravel/framework/src/Illuminate/Pipeline/Pipeline.php(144): Illuminate\\Queue\\CallQueuedHandler->Illuminate\\Queue\\{closure}()
#29 /var/www/html/ballon/vendor/laravel/framework/src/Illuminate/Pipeline/Pipeline.php(119): Illuminate\\Pipeline\\Pipeline->Illuminate\\Pipeline\\{closure}()
#30 /var/www/html/ballon/vendor/laravel/framework/src/Illuminate/Queue/CallQueuedHandler.php(122): Illuminate\\Pipeline\\Pipeline->then()
#31 /var/www/html/ballon/vendor/laravel/framework/src/Illuminate/Queue/CallQueuedHandler.php(70): Illuminate\\Queue\\CallQueuedHandler->dispatchThroughMiddleware()
#32 /var/www/html/ballon/vendor/laravel/framework/src/Illuminate/Queue/Jobs/Job.php(102): Illuminate\\Queue\\CallQueuedHandler->call()
#33 /var/www/html/ballon/vendor/laravel/framework/src/Illuminate/Queue/Worker.php(439): Illuminate\\Queue\\Jobs\\Job->fire()
#34 /var/www/html/ballon/vendor/laravel/framework/src/Illuminate/Queue/Worker.php(389): Illuminate\\Queue\\Worker->process()
#35 /var/www/html/ballon/vendor/laravel/framework/src/Illuminate/Queue/Worker.php(176): Illuminate\\Queue\\Worker->runJob()
#36 /var/www/html/ballon/vendor/laravel/framework/src/Illuminate/Queue/Console/WorkCommand.php(137): Illuminate\\Queue\\Worker->daemon()
#37 /var/www/html/ballon/vendor/laravel/framework/src/Illuminate/Queue/Console/WorkCommand.php(120): Illuminate\\Queue\\Console\\WorkCommand->runWorker()
#38 /var/www/html/ballon/vendor/laravel/framework/src/Illuminate/Container/BoundMethod.php(36): Illuminate\\Queue\\Console\\WorkCommand->handle()
#39 /var/www/html/ballon/vendor/laravel/framework/src/Illuminate/Container/Util.php(41): Illuminate\\Container\\BoundMethod::Illuminate\\Container\\{closure}()
#40 /var/www/html/ballon/vendor/laravel/framework/src/Illuminate/Container/BoundMethod.php(93): Illuminate\\Container\\Util::unwrapIfClosure()
#41 /var/www/html/ballon/vendor/laravel/framework/src/Illuminate/Container/BoundMethod.php(35): Illuminate\\Container\\BoundMethod::callBoundMethod()
#42 /var/www/html/ballon/vendor/laravel/framework/src/Illuminate/Container/Container.php(662): Illuminate\\Container\\BoundMethod::call()
#43 /var/www/html/ballon/vendor/laravel/framework/src/Illuminate/Console/Command.php(211): Illuminate\\Container\\Container->call()
#44 /var/www/html/ballon/vendor/symfony/console/Command/Command.php(326): Illuminate\\Console\\Command->execute()
#45 /var/www/html/ballon/vendor/laravel/framework/src/Illuminate/Console/Command.php(180): Symfony\\Component\\Console\\Command\\Command->run()
#46 /var/www/html/ballon/vendor/symfony/console/Application.php(1096): Illuminate\\Console\\Command->run()
#47 /var/www/html/ballon/vendor/symfony/console/Application.php(324): Symfony\\Component\\Console\\Application->doRunCommand()
#48 /var/www/html/ballon/vendor/symfony/console/Application.php(175): Symfony\\Component\\Console\\Application->doRun()
#49 /var/www/html/ballon/vendor/laravel/framework/src/Illuminate/Foundation/Console/Kernel.php(201): Symfony\\Component\\Console\\Application->run()
#50 /var/www/html/ballon/artisan(35): Illuminate\\Foundation\\Console\\Kernel->handle()
#51 {main}

[previous exception] [object] (InvalidArgumentException(code: 0): No hint path defined for [mail]. at /var/www/html/ballon/vendor/laravel/framework/src/Illuminate/View/FileViewFinder.php:112)
[stacktrace]
#0 /var/www/html/ballon/vendor/laravel/framework/src/Illuminate/View/FileViewFinder.php(90): Illuminate\\View\\FileViewFinder->parseNamespaceSegments()
#1 /var/www/html/ballon/vendor/laravel/framework/src/Illuminate/View/FileViewFinder.php(76): Illuminate\\View\\FileViewFinder->findNamespacedView()
#2 /var/www/html/ballon/vendor/laravel/framework/src/Illuminate/View/Factory.php(137): Illuminate\\View\\FileViewFinder->find()
#3 /var/www/html/ballon/storage/framework/views/5aa8b4dbd5519ab74920b42ce44c40bb.php(3): Illuminate\\View\\Factory->make()
#4 /var/www/html/ballon/vendor/laravel/framework/src/Illuminate/Filesystem/Filesystem.php(124): require('...')
#5 /var/www/html/ballon/vendor/laravel/framework/src/Illuminate/Filesystem/Filesystem.php(125): Illuminate\\Filesystem\\Filesystem::Illuminate\\Filesystem\\{closure}()
#6 /var/www/html/ballon/vendor/laravel/framework/src/Illuminate/View/Engines/PhpEngine.php(58): Illuminate\\Filesystem\\Filesystem->getRequire()
#7 /var/www/html/ballon/vendor/livewire/livewire/src/Mechanisms/ExtendBlade/ExtendedCompilerEngine.php(22): Illuminate\\View\\Engines\\PhpEngine->evaluatePath()
#8 /var/www/html/ballon/vendor/laravel/framework/src/Illuminate/View/Engines/CompilerEngine.php(72): Livewire\\Mechanisms\\ExtendBlade\\ExtendedCompilerEngine->evaluatePath()
#9 /var/www/html/ballon/vendor/livewire/livewire/src/Mechanisms/ExtendBlade/ExtendedCompilerEngine.php(10): Illuminate\\View\\Engines\\CompilerEngine->get()
#10 /var/www/html/ballon/vendor/laravel/framework/src/Illuminate/View/View.php(207): Livewire\\Mechanisms\\ExtendBlade\\ExtendedCompilerEngine->get()
#11 /var/www/html/ballon/vendor/laravel/framework/src/Illuminate/View/View.php(190): Illuminate\\View\\View->getContents()
#12 /var/www/html/ballon/vendor/laravel/framework/src/Illuminate/View/View.php(159): Illuminate\\View\\View->renderContents()
#13 /var/www/html/ballon/vendor/laravel/framework/src/Illuminate/Mail/Mailer.php(433): Illuminate\\View\\View->render()
#14 /var/www/html/ballon/vendor/laravel/framework/src/Illuminate/Mail/Mailer.php(408): Illuminate\\Mail\\Mailer->renderView()
#15 /var/www/html/ballon/vendor/laravel/framework/src/Illuminate/Mail/Mailer.php(320): Illuminate\\Mail\\Mailer->addContent()
#16 /var/www/html/ballon/vendor/laravel/framework/src/Illuminate/Notifications/Channels/MailChannel.php(66): Illuminate\\Mail\\Mailer->send()
#17 /var/www/html/ballon/vendor/laravel/framework/src/Illuminate/Notifications/NotificationSender.php(148): Illuminate\\Notifications\\Channels\\MailChannel->send()
#18 /var/www/html/ballon/vendor/laravel/framework/src/Illuminate/Notifications/NotificationSender.php(106): Illuminate\\Notifications\\NotificationSender->sendToNotifiable()
#19 /var/www/html/ballon/vendor/laravel/framework/src/Illuminate/Support/Traits/Localizable.php(19): Illuminate\\Notifications\\NotificationSender->Illuminate\\Notifications\\{closure}()
#20 /var/www/html/ballon/vendor/laravel/framework/src/Illuminate/Notifications/NotificationSender.php(101): Illuminate\\Notifications\\NotificationSender->withLocale()
#21 /var/www/html/ballon/vendor/laravel/framework/src/Illuminate/Notifications/ChannelManager.php(54): Illuminate\\Notifications\\NotificationSender->sendNow()
#22 /var/www/html/ballon/vendor/laravel/framework/src/Illuminate/Notifications/SendQueuedNotifications.php(119): Illuminate\\Notifications\\ChannelManager->sendNow()
#23 /var/www/html/ballon/vendor/laravel/framework/src/Illuminate/Container/BoundMethod.php(36): Illuminate\\Notifications\\SendQueuedNotifications->handle()
#24 /var/www/html/ballon/vendor/laravel/framework/src/Illuminate/Container/Util.php(41): Illuminate\\Container\\BoundMethod::Illuminate\\Container\\{closure}()
#25 /var/www/html/ballon/vendor/laravel/framework/src/Illuminate/Container/BoundMethod.php(93): Illuminate\\Container\\Util::unwrapIfClosure()
#26 /var/www/html/ballon/vendor/laravel/framework/src/Illuminate/Container/BoundMethod.php(35): Illuminate\\Container\\BoundMethod::callBoundMethod()
#27 /var/www/html/ballon/vendor/laravel/framework/src/Illuminate/Container/Container.php(662): Illuminate\\Container\\BoundMethod::call()
#28 /var/www/html/ballon/vendor/laravel/framework/src/Illuminate/Bus/Dispatcher.php(128): Illuminate\\Container\\Container->call()
#29 /var/www/html/ballon/vendor/laravel/framework/src/Illuminate/Pipeline/Pipeline.php(144): Illuminate\\Bus\\Dispatcher->Illuminate\\Bus\\{closure}()
#30 /var/www/html/ballon/vendor/laravel/framework/src/Illuminate/Pipeline/Pipeline.php(119): Illuminate\\Pipeline\\Pipeline->Illuminate\\Pipeline\\{closure}()
#31 /var/www/html/ballon/vendor/laravel/framework/src/Illuminate/Bus/Dispatcher.php(132): Illuminate\\Pipeline\\Pipeline->then()
#32 /var/www/html/ballon/vendor/laravel/framework/src/Illuminate/Queue/CallQueuedHandler.php(123): Illuminate\\Bus\\Dispatcher->dispatchNow()
#33 /var/www/html/ballon/vendor/laravel/framework/src/Illuminate/Pipeline/Pipeline.php(144): Illuminate\\Queue\\CallQueuedHandler->Illuminate\\Queue\\{closure}()
#34 /var/www/html/ballon/vendor/laravel/framework/src/Illuminate/Pipeline/Pipeline.php(119): Illuminate\\Pipeline\\Pipeline->Illuminate\\Pipeline\\{closure}()
#35 /var/www/html/ballon/vendor/laravel/framework/src/Illuminate/Queue/CallQueuedHandler.php(122): Illuminate\\Pipeline\\Pipeline->then()
#36 /var/www/html/ballon/vendor/laravel/framework/src/Illuminate/Queue/CallQueuedHandler.php(70): Illuminate\\Queue\\CallQueuedHandler->dispatchThroughMiddleware()
#37 /var/www/html/ballon/vendor/laravel/framework/src/Illuminate/Queue/Jobs/Job.php(102): Illuminate\\Queue\\CallQueuedHandler->call()
#38 /var/www/html/ballon/vendor/laravel/framework/src/Illuminate/Queue/Worker.php(439): Illuminate\\Queue\\Jobs\\Job->fire()
#39 /var/www/html/ballon/vendor/laravel/framework/src/Illuminate/Queue/Worker.php(389): Illuminate\\Queue\\Worker->process()
#40 /var/www/html/ballon/vendor/laravel/framework/src/Illuminate/Queue/Worker.php(176): Illuminate\\Queue\\Worker->runJob()
#41 /var/www/html/ballon/vendor/laravel/framework/src/Illuminate/Queue/Console/WorkCommand.php(137): Illuminate\\Queue\\Worker->daemon()
#42 /var/www/html/ballon/vendor/laravel/framework/src/Illuminate/Queue/Console/WorkCommand.php(120): Illuminate\\Queue\\Console\\WorkCommand->runWorker()
#43 /var/www/html/ballon/vendor/laravel/framework/src/Illuminate/Container/BoundMethod.php(36): Illuminate\\Queue\\Console\\WorkCommand->handle()
#44 /var/www/html/ballon/vendor/laravel/framework/src/Illuminate/Container/Util.php(41): Illuminate\\Container\\BoundMethod::Illuminate\\Container\\{closure}()
#45 /var/www/html/ballon/vendor/laravel/framework/src/Illuminate/Container/BoundMethod.php(93): Illuminate\\Container\\Util::unwrapIfClosure()
#46 /var/www/html/ballon/vendor/laravel/framework/src/Illuminate/Container/BoundMethod.php(35): Illuminate\\Container\\BoundMethod::callBoundMethod()
#47 /var/www/html/ballon/vendor/laravel/framework/src/Illuminate/Container/Container.php(662): Illuminate\\Container\\BoundMethod::call()
#48 /var/www/html/ballon/vendor/laravel/framework/src/Illuminate/Console/Command.php(211): Illuminate\\Container\\Container->call()
#49 /var/www/html/ballon/vendor/symfony/console/Command/Command.php(326): Illuminate\\Console\\Command->execute()
#50 /var/www/html/ballon/vendor/laravel/framework/src/Illuminate/Console/Command.php(180): Symfony\\Component\\Console\\Command\\Command->run()
#51 /var/www/html/ballon/vendor/symfony/console/Application.php(1096): Illuminate\\Console\\Command->run()
#52 /var/www/html/ballon/vendor/symfony/console/Application.php(324): Symfony\\Component\\Console\\Application->doRunCommand()
#53 /var/www/html/ballon/vendor/symfony/console/Application.php(175): Symfony\\Component\\Console\\Application->doRun()
#54 /var/www/html/ballon/vendor/laravel/framework/src/Illuminate/Foundation/Console/Kernel.php(201): Symfony\\Component\\Console\\Application->run()
#55 /var/www/html/ballon/artisan(35): Illuminate\\Foundation\\Console\\Kernel->handle()
#56 {main}
"} 
